2018-02-09 14:54:24.501  INFO 11948 --- [restartedMain] c.c.c.ConfigServicePropertySourceLocator : Fetching config from server at: http://localhost:15010/
2018-02-09 14:54:32.188  INFO 11948 --- [restartedMain] c.c.c.ConfigServicePropertySourceLocator : Located environment: name=neo-config, profiles=[dev], label=master, version=348389d79c4c791e6a9bdea10ed32a0d0df5808a, state=null
2018-02-09 14:54:32.190  INFO 11948 --- [restartedMain] b.c.PropertySourceBootstrapConfiguration : Located property source: CompositePropertySource [name='configService', propertySources=[MapPropertySource {name='configClient'}, MapPropertySource {name='https://github.com/lomoCgx/spring-cloud-learn/respo/neo-config-dev.properties'}]]
2018-02-09 14:54:32.443  INFO 11948 --- [restartedMain] c.e.demo.ServiceRibbon1Application       : No active profile set, falling back to default profiles: default
2018-02-09 14:54:32.489  INFO 11948 --- [restartedMain] ationConfigEmbeddedWebApplicationContext : Refreshing org.springframework.boot.context.embedded.AnnotationConfigEmbeddedWebApplicationContext@51951d25: startup date [Fri Feb 09 14:54:32 CST 2018]; parent: org.springframework.context.annotation.AnnotationConfigApplicationContext@47d4ea74
2018-02-09 14:54:34.611  INFO 11948 --- [restartedMain] o.s.i.config.IntegrationRegistrar        : No bean named 'integrationHeaderChannelRegistry' has been explicitly defined. Therefore, a default DefaultHeaderChannelRegistry will be created.
2018-02-09 14:54:35.525  INFO 11948 --- [restartedMain] o.s.cloud.context.scope.GenericScope     : BeanFactory id=128dbc5b-def6-325d-ac60-f4329e5b9e66
2018-02-09 14:54:35.547  INFO 11948 --- [restartedMain] faultConfiguringBeanFactoryPostProcessor : No bean named 'errorChannel' has been explicitly defined. Therefore, a default PublishSubscribeChannel will be created.
2018-02-09 14:54:35.552  INFO 11948 --- [restartedMain] faultConfiguringBeanFactoryPostProcessor : No bean named 'taskScheduler' has been explicitly defined. Therefore, a default ThreadPoolTaskScheduler will be created.
2018-02-09 14:54:35.577  INFO 11948 --- [restartedMain] f.a.AutowiredAnnotationBeanPostProcessor : JSR-330 'javax.inject.Inject' annotation found and supported for autowiring
2018-02-09 14:54:35.634  INFO 11948 --- [restartedMain] trationDelegate$BeanPostProcessorChecker : Bean 'org.springframework.amqp.rabbit.annotation.RabbitBootstrapConfiguration' of type [org.springframework.amqp.rabbit.annotation.RabbitBootstrapConfiguration$$EnhancerBySpringCGLIB$$e4ba2288] is not eligible for getting processed by all BeanPostProcessors (for example: not eligible for auto-proxying)
2018-02-09 14:54:35.765  INFO 11948 --- [restartedMain] trationDelegate$BeanPostProcessorChecker : Bean 'org.springframework.cloud.netflix.metrics.MetricsInterceptorConfiguration$MetricsRestTemplateConfiguration' of type [org.springframework.cloud.netflix.metrics.MetricsInterceptorConfiguration$MetricsRestTemplateConfiguration$$EnhancerBySpringCGLIB$$507b0a9b] is not eligible for getting processed by all BeanPostProcessors (for example: not eligible for auto-proxying)
2018-02-09 14:54:35.788  INFO 11948 --- [restartedMain] trationDelegate$BeanPostProcessorChecker : Bean 'org.springframework.transaction.annotation.ProxyTransactionManagementConfiguration' of type [org.springframework.transaction.annotation.ProxyTransactionManagementConfiguration$$EnhancerBySpringCGLIB$$1e4e645a] is not eligible for getting processed by all BeanPostProcessors (for example: not eligible for auto-proxying)
2018-02-09 14:54:35.927  INFO 11948 --- [restartedMain] trationDelegate$BeanPostProcessorChecker : Bean 'integrationGlobalProperties' of type [org.springframework.beans.factory.config.PropertiesFactoryBean] is not eligible for getting processed by all BeanPostProcessors (for example: not eligible for auto-proxying)
2018-02-09 14:54:35.929  INFO 11948 --- [restartedMain] trationDelegate$BeanPostProcessorChecker : Bean 'integrationGlobalProperties' of type [java.util.Properties] is not eligible for getting processed by all BeanPostProcessors (for example: not eligible for auto-proxying)
2018-02-09 14:54:35.962  INFO 11948 --- [restartedMain] trationDelegate$BeanPostProcessorChecker : Bean 'org.springframework.cloud.autoconfigure.ConfigurationPropertiesRebinderAutoConfiguration' of type [org.springframework.cloud.autoconfigure.ConfigurationPropertiesRebinderAutoConfiguration$$EnhancerBySpringCGLIB$$3a686757] is not eligible for getting processed by all BeanPostProcessors (for example: not eligible for auto-proxying)
2018-02-09 14:54:37.000  INFO 11948 --- [restartedMain] s.b.c.e.t.TomcatEmbeddedServletContainer : Tomcat initialized with port(s): 15025 (http)
2018-02-09 14:54:37.020  INFO 11948 --- [restartedMain] o.apache.catalina.core.StandardService   : Starting service [Tomcat]
2018-02-09 14:54:37.021  INFO 11948 --- [restartedMain] org.apache.catalina.core.StandardEngine  : Starting Servlet Engine: Apache Tomcat/8.5.27
2018-02-09 14:54:37.189  INFO 11948 --- [localhost-startStop-1] o.a.c.c.C.[Tomcat].[localhost].[/]       : Initializing Spring embedded WebApplicationContext
2018-02-09 14:54:37.192  INFO 11948 --- [localhost-startStop-1] o.s.web.context.ContextLoader            : Root WebApplicationContext: initialization completed in 4703 ms
2018-02-09 14:54:37.854  INFO 11948 --- [localhost-startStop-1] o.s.b.w.servlet.ServletRegistrationBean  : Mapping servlet: 'dispatcherServlet' to [/]
2018-02-09 14:54:37.861  INFO 11948 --- [localhost-startStop-1] o.s.b.w.servlet.FilterRegistrationBean   : Mapping filter: 'metricsFilter' to: [/*]
2018-02-09 14:54:37.862  INFO 11948 --- [localhost-startStop-1] o.s.b.w.servlet.FilterRegistrationBean   : Mapping filter: 'characterEncodingFilter' to: [/*]
2018-02-09 14:54:37.862  INFO 11948 --- [localhost-startStop-1] o.s.b.w.servlet.FilterRegistrationBean   : Mapping filter: 'hiddenHttpMethodFilter' to: [/*]
2018-02-09 14:54:37.863  INFO 11948 --- [localhost-startStop-1] o.s.b.w.servlet.FilterRegistrationBean   : Mapping filter: 'httpPutFormContentFilter' to: [/*]
2018-02-09 14:54:37.863  INFO 11948 --- [localhost-startStop-1] o.s.b.w.servlet.FilterRegistrationBean   : Mapping filter: 'requestContextFilter' to: [/*]
2018-02-09 14:54:37.863  INFO 11948 --- [localhost-startStop-1] o.s.b.w.servlet.FilterRegistrationBean   : Mapping filter: 'webRequestLoggingFilter' to: [/*]
2018-02-09 14:54:37.863  INFO 11948 --- [localhost-startStop-1] o.s.b.w.servlet.FilterRegistrationBean   : Mapping filter: 'applicationContextIdFilter' to: [/*]
2018-02-09 14:54:38.690  WARN 11948 --- [restartedMain] c.n.c.sources.URLConfigurationSource     : No URLs will be polled as dynamic configuration sources.
2018-02-09 14:54:38.691  INFO 11948 --- [restartedMain] c.n.c.sources.URLConfigurationSource     : To enable URLs as dynamic configuration sources, define System property archaius.configurationSource.additionalUrls or make config.properties available on classpath.
2018-02-09 14:54:38.699  WARN 11948 --- [restartedMain] c.n.c.sources.URLConfigurationSource     : No URLs will be polled as dynamic configuration sources.
2018-02-09 14:54:38.700  INFO 11948 --- [restartedMain] c.n.c.sources.URLConfigurationSource     : To enable URLs as dynamic configuration sources, define System property archaius.configurationSource.additionalUrls or make config.properties available on classpath.
2018-02-09 14:54:39.313  INFO 11948 --- [restartedMain] s.w.s.m.m.a.RequestMappingHandlerAdapter : Looking for @ControllerAdvice: org.springframework.boot.context.embedded.AnnotationConfigEmbeddedWebApplicationContext@51951d25: startup date [Fri Feb 09 14:54:32 CST 2018]; parent: org.springframework.context.annotation.AnnotationConfigApplicationContext@47d4ea74
2018-02-09 14:54:39.449  INFO 11948 --- [restartedMain] s.w.s.m.m.a.RequestMappingHandlerMapping : Mapped "{[/insert],methods=[GET]}" onto public java.lang.String com.example.demo.TestController.insert()
2018-02-09 14:54:39.451  INFO 11948 --- [restartedMain] s.w.s.m.m.a.RequestMappingHandlerMapping : Mapped "{[/dc],methods=[GET]}" onto public java.lang.String com.example.demo.TestController.dc()
2018-02-09 14:54:39.452  INFO 11948 --- [restartedMain] s.w.s.m.m.a.RequestMappingHandlerMapping : Mapped "{[/hi]}" onto public java.lang.String com.example.demo.TestController.hi()
2018-02-09 14:54:39.460  INFO 11948 --- [restartedMain] s.w.s.m.m.a.RequestMappingHandlerMapping : Mapped "{[/error]}" onto public org.springframework.http.ResponseEntity<java.util.Map<java.lang.String, java.lang.Object>> org.springframework.boot.autoconfigure.web.BasicErrorController.error(javax.servlet.http.HttpServletRequest)
2018-02-09 14:54:39.461  INFO 11948 --- [restartedMain] s.w.s.m.m.a.RequestMappingHandlerMapping : Mapped "{[/error],produces=[text/html]}" onto public org.springframework.web.servlet.ModelAndView org.springframework.boot.autoconfigure.web.BasicErrorController.errorHtml(javax.servlet.http.HttpServletRequest,javax.servlet.http.HttpServletResponse)
2018-02-09 14:54:39.603  INFO 11948 --- [restartedMain] o.s.w.s.handler.SimpleUrlHandlerMapping  : Mapped URL path [/webjars/**] onto handler of type [class org.springframework.web.servlet.resource.ResourceHttpRequestHandler]
2018-02-09 14:54:39.603  INFO 11948 --- [restartedMain] o.s.w.s.handler.SimpleUrlHandlerMapping  : Mapped URL path [/**] onto handler of type [class org.springframework.web.servlet.resource.ResourceHttpRequestHandler]
2018-02-09 14:54:39.872  INFO 11948 --- [restartedMain] o.s.w.s.handler.SimpleUrlHandlerMapping  : Mapped URL path [/**/favicon.ico] onto handler of type [class org.springframework.web.servlet.resource.ResourceHttpRequestHandler]
2018-02-09 14:54:42.491  INFO 11948 --- [restartedMain] o.s.cloud.commons.util.InetUtils         : Cannot determine local hostname
2018-02-09 14:54:45.360  INFO 11948 --- [restartedMain] o.s.cloud.commons.util.InetUtils         : Cannot determine local hostname
2018-02-09 14:54:46.783  INFO 11948 --- [restartedMain] o.s.s.c.ThreadPoolTaskScheduler          : Initializing ExecutorService  'taskScheduler'
2018-02-09 14:54:47.719  INFO 11948 --- [restartedMain] o.s.b.a.e.mvc.EndpointHandlerMapping     : Mapped "{[/beans || /beans.json],methods=[GET],produces=[application/vnd.spring-boot.actuator.v1+json || application/json]}" onto public java.lang.Object org.springframework.boot.actuate.endpoint.mvc.EndpointMvcAdapter.invoke()
2018-02-09 14:54:47.722  INFO 11948 --- [restartedMain] o.s.b.a.e.mvc.EndpointHandlerMapping     : Mapped "{[/metrics/{name:.*}],methods=[GET],produces=[application/vnd.spring-boot.actuator.v1+json || application/json]}" onto public java.lang.Object org.springframework.boot.actuate.endpoint.mvc.MetricsMvcEndpoint.value(java.lang.String)
2018-02-09 14:54:47.722  INFO 11948 --- [restartedMain] o.s.b.a.e.mvc.EndpointHandlerMapping     : Mapped "{[/metrics || /metrics.json],methods=[GET],produces=[application/vnd.spring-boot.actuator.v1+json || application/json]}" onto public java.lang.Object org.springframework.boot.actuate.endpoint.mvc.EndpointMvcAdapter.invoke()
2018-02-09 14:54:47.723  INFO 11948 --- [restartedMain] o.s.b.a.e.mvc.EndpointHandlerMapping     : Mapped "{[/bus/env],methods=[POST]}" onto public void org.springframework.cloud.bus.endpoint.EnvironmentBusEndpoint.env(java.util.Map<java.lang.String, java.lang.String>,java.lang.String)
2018-02-09 14:54:47.724  INFO 11948 --- [restartedMain] o.s.b.a.e.mvc.EndpointHandlerMapping     : Mapped "{[/bus/refresh],methods=[POST]}" onto public void org.springframework.cloud.bus.endpoint.RefreshBusEndpoint.refresh(java.lang.String)
2018-02-09 14:54:47.724  INFO 11948 --- [restartedMain] o.s.b.a.e.mvc.EndpointHandlerMapping     : Mapped "{[/trace || /trace.json],methods=[GET],produces=[application/vnd.spring-boot.actuator.v1+json || application/json]}" onto public java.lang.Object org.springframework.boot.actuate.endpoint.mvc.EndpointMvcAdapter.invoke()
2018-02-09 14:54:47.725  INFO 11948 --- [restartedMain] o.s.b.a.e.mvc.EndpointHandlerMapping     : Mapped "{[/configprops || /configprops.json],methods=[GET],produces=[application/vnd.spring-boot.actuator.v1+json || application/json]}" onto public java.lang.Object org.springframework.boot.actuate.endpoint.mvc.EndpointMvcAdapter.invoke()
2018-02-09 14:54:47.727  INFO 11948 --- [restartedMain] o.s.b.a.e.mvc.EndpointHandlerMapping     : Mapped "{[/service-registry/instance-status],methods=[GET]}" onto public org.springframework.http.ResponseEntity org.springframework.cloud.client.serviceregistry.endpoint.ServiceRegistryEndpoint.getStatus()
2018-02-09 14:54:47.728  INFO 11948 --- [restartedMain] o.s.b.a.e.mvc.EndpointHandlerMapping     : Mapped "{[/service-registry/instance-status],methods=[POST]}" onto public org.springframework.http.ResponseEntity<?> org.springframework.cloud.client.serviceregistry.endpoint.ServiceRegistryEndpoint.setStatus(java.lang.String)
2018-02-09 14:54:47.729  INFO 11948 --- [restartedMain] o.s.b.a.e.mvc.EndpointHandlerMapping     : Mapped "{[/archaius || /archaius.json],methods=[GET],produces=[application/vnd.spring-boot.actuator.v1+json || application/json]}" onto public java.lang.Object org.springframework.boot.actuate.endpoint.mvc.EndpointMvcAdapter.invoke()
2018-02-09 14:54:47.729  INFO 11948 --- [restartedMain] o.s.b.a.e.mvc.EndpointHandlerMapping     : Mapped "{[/features || /features.json],methods=[GET],produces=[application/vnd.spring-boot.actuator.v1+json || application/json]}" onto public java.lang.Object org.springframework.boot.actuate.endpoint.mvc.EndpointMvcAdapter.invoke()
2018-02-09 14:54:47.731  INFO 11948 --- [restartedMain] o.s.b.a.e.mvc.EndpointHandlerMapping     : Mapped "{[/env/{name:.*}],methods=[GET],produces=[application/vnd.spring-boot.actuator.v1+json || application/json]}" onto public java.lang.Object org.springframework.boot.actuate.endpoint.mvc.EnvironmentMvcEndpoint.value(java.lang.String)
2018-02-09 14:54:47.732  INFO 11948 --- [restartedMain] o.s.b.a.e.mvc.EndpointHandlerMapping     : Mapped "{[/env || /env.json],methods=[GET],produces=[application/vnd.spring-boot.actuator.v1+json || application/json]}" onto public java.lang.Object org.springframework.boot.actuate.endpoint.mvc.EndpointMvcAdapter.invoke()
2018-02-09 14:54:47.734  INFO 11948 --- [restartedMain] o.s.b.a.e.mvc.EndpointHandlerMapping     : Mapped "{[/autoconfig || /autoconfig.json],methods=[GET],produces=[application/vnd.spring-boot.actuator.v1+json || application/json]}" onto public java.lang.Object org.springframework.boot.actuate.endpoint.mvc.EndpointMvcAdapter.invoke()
2018-02-09 14:54:47.735  INFO 11948 --- [restartedMain] o.s.b.a.e.mvc.EndpointHandlerMapping     : Mapped "{[/auditevents || /auditevents.json],methods=[GET],produces=[application/vnd.spring-boot.actuator.v1+json || application/json]}" onto public org.springframework.http.ResponseEntity<?> org.springframework.boot.actuate.endpoint.mvc.AuditEventsMvcEndpoint.findByPrincipalAndAfterAndType(java.lang.String,java.util.Date,java.lang.String)
2018-02-09 14:54:47.736  INFO 11948 --- [restartedMain] o.s.b.a.e.mvc.EndpointHandlerMapping     : Mapped "{[/channels || /channels.json],methods=[GET],produces=[application/vnd.spring-boot.actuator.v1+json || application/json]}" onto public java.lang.Object org.springframework.boot.actuate.endpoint.mvc.EndpointMvcAdapter.invoke()
2018-02-09 14:54:47.743  INFO 11948 --- [restartedMain] o.s.b.a.e.mvc.EndpointHandlerMapping     : Mapped "{[/mappings || /mappings.json],methods=[GET],produces=[application/vnd.spring-boot.actuator.v1+json || application/json]}" onto public java.lang.Object org.springframework.boot.actuate.endpoint.mvc.EndpointMvcAdapter.invoke()
2018-02-09 14:54:47.748  INFO 11948 --- [restartedMain] o.s.b.a.e.mvc.EndpointHandlerMapping     : Mapped "{[/dump || /dump.json],methods=[GET],produces=[application/vnd.spring-boot.actuator.v1+json || application/json]}" onto public java.lang.Object org.springframework.boot.actuate.endpoint.mvc.EndpointMvcAdapter.invoke()
2018-02-09 14:54:47.764  INFO 11948 --- [restartedMain] o.s.b.a.e.mvc.EndpointHandlerMapping     : Mapped "{[/logfile || /logfile.json],methods=[GET || HEAD]}" onto public void org.springframework.boot.actuate.endpoint.mvc.LogFileMvcEndpoint.invoke(javax.servlet.http.HttpServletRequest,javax.servlet.http.HttpServletResponse) throws javax.servlet.ServletException,java.io.IOException
2018-02-09 14:54:47.767  INFO 11948 --- [restartedMain] o.s.b.a.e.mvc.EndpointHandlerMapping     : Mapped "{[/health || /health.json],methods=[GET],produces=[application/vnd.spring-boot.actuator.v1+json || application/json]}" onto public java.lang.Object org.springframework.boot.actuate.endpoint.mvc.HealthMvcEndpoint.invoke(javax.servlet.http.HttpServletRequest,java.security.Principal)
2018-02-09 14:54:47.770  INFO 11948 --- [restartedMain] o.s.b.a.e.mvc.EndpointHandlerMapping     : Mapped "{[/loggers/{name:.*}],methods=[GET],produces=[application/vnd.spring-boot.actuator.v1+json || application/json]}" onto public java.lang.Object org.springframework.boot.actuate.endpoint.mvc.LoggersMvcEndpoint.get(java.lang.String)
2018-02-09 14:54:47.772  INFO 11948 --- [restartedMain] o.s.b.a.e.mvc.EndpointHandlerMapping     : Mapped "{[/loggers/{name:.*}],methods=[POST],consumes=[application/vnd.spring-boot.actuator.v1+json || application/json],produces=[application/vnd.spring-boot.actuator.v1+json || application/json]}" onto public java.lang.Object org.springframework.boot.actuate.endpoint.mvc.LoggersMvcEndpoint.set(java.lang.String,java.util.Map<java.lang.String, java.lang.String>)
2018-02-09 14:54:47.781  INFO 11948 --- [restartedMain] o.s.b.a.e.mvc.EndpointHandlerMapping     : Mapped "{[/loggers || /loggers.json],methods=[GET],produces=[application/vnd.spring-boot.actuator.v1+json || application/json]}" onto public java.lang.Object org.springframework.boot.actuate.endpoint.mvc.EndpointMvcAdapter.invoke()
2018-02-09 14:54:47.791  INFO 11948 --- [restartedMain] o.s.b.a.e.mvc.EndpointHandlerMapping     : Mapped "{[/info || /info.json],methods=[GET],produces=[application/vnd.spring-boot.actuator.v1+json || application/json]}" onto public java.lang.Object org.springframework.boot.actuate.endpoint.mvc.EndpointMvcAdapter.invoke()
2018-02-09 14:54:47.792  INFO 11948 --- [restartedMain] o.s.b.a.e.mvc.EndpointHandlerMapping     : Mapped "{[/env],methods=[POST]}" onto public java.lang.Object org.springframework.cloud.context.environment.EnvironmentManagerMvcEndpoint.value(java.util.Map<java.lang.String, java.lang.String>)
2018-02-09 14:54:47.794  INFO 11948 --- [restartedMain] o.s.b.a.e.mvc.EndpointHandlerMapping     : Mapped "{[/env/reset],methods=[POST]}" onto public java.util.Map<java.lang.String, java.lang.Object> org.springframework.cloud.context.environment.EnvironmentManagerMvcEndpoint.reset()
2018-02-09 14:54:47.798  INFO 11948 --- [restartedMain] o.s.b.a.e.mvc.EndpointHandlerMapping     : Mapped "{[/refresh || /refresh.json],methods=[POST]}" onto public java.lang.Object org.springframework.cloud.endpoint.GenericPostableMvcEndpoint.invoke()
2018-02-09 14:54:47.800  INFO 11948 --- [restartedMain] o.s.b.a.e.mvc.EndpointHandlerMapping     : Mapped "{[/heapdump || /heapdump.json],methods=[GET],produces=[application/octet-stream]}" onto public void org.springframework.boot.actuate.endpoint.mvc.HeapdumpMvcEndpoint.invoke(boolean,javax.servlet.http.HttpServletRequest,javax.servlet.http.HttpServletResponse) throws java.io.IOException,javax.servlet.ServletException
2018-02-09 14:54:48.242  INFO 11948 --- [restartedMain] o.s.b.d.a.OptionalLiveReloadServer       : LiveReload server is running on port 35729
2018-02-09 14:54:48.902  INFO 11948 --- [restartedMain] com.netflix.discovery.DiscoveryClient    : Shutting down DiscoveryClient ...
2018-02-09 14:54:48.925  INFO 11948 --- [restartedMain] com.netflix.discovery.DiscoveryClient    : Completed shut down of DiscoveryClient
2018-02-09 14:54:49.107  INFO 11948 --- [restartedMain] o.s.i.codec.kryo.CompositeKryoRegistrar  : configured Kryo registration [40, java.io.File] with serializer org.springframework.integration.codec.kryo.FileSerializer
2018-02-09 14:54:49.397  INFO 11948 --- [restartedMain] o.s.j.e.a.AnnotationMBeanExporter        : Registering beans for JMX exposure on startup
2018-02-09 14:54:49.417  INFO 11948 --- [restartedMain] o.s.j.e.a.AnnotationMBeanExporter        : Bean with name 'rabbitConnectionFactory' has been autodetected for JMX exposure
2018-02-09 14:54:49.420  INFO 11948 --- [restartedMain] o.s.j.e.a.AnnotationMBeanExporter        : Bean with name 'integrationMbeanExporter' has been autodetected for JMX exposure
2018-02-09 14:54:49.425  INFO 11948 --- [restartedMain] o.s.j.e.a.AnnotationMBeanExporter        : Bean with name 'configurationPropertiesRebinder' has been autodetected for JMX exposure
2018-02-09 14:54:49.426  INFO 11948 --- [restartedMain] o.s.j.e.a.AnnotationMBeanExporter        : Bean with name 'refreshEndpoint' has been autodetected for JMX exposure
2018-02-09 14:54:49.427  INFO 11948 --- [restartedMain] o.s.j.e.a.AnnotationMBeanExporter        : Bean with name 'environmentManager' has been autodetected for JMX exposure
2018-02-09 14:54:49.428  INFO 11948 --- [restartedMain] o.s.j.e.a.AnnotationMBeanExporter        : Bean with name 'environmentBusEndpoint' has been autodetected for JMX exposure
2018-02-09 14:54:49.430  INFO 11948 --- [restartedMain] o.s.j.e.a.AnnotationMBeanExporter        : Bean with name 'refreshBusEndpoint' has been autodetected for JMX exposure
2018-02-09 14:54:49.432  INFO 11948 --- [restartedMain] o.s.j.e.a.AnnotationMBeanExporter        : Bean with name 'serviceRegistryEndpoint' has been autodetected for JMX exposure
2018-02-09 14:54:49.434  INFO 11948 --- [restartedMain] o.s.j.e.a.AnnotationMBeanExporter        : Bean with name 'refreshScope' has been autodetected for JMX exposure
2018-02-09 14:54:49.440  INFO 11948 --- [restartedMain] o.s.j.e.a.AnnotationMBeanExporter        : Located managed bean 'environmentManager': registering with JMX server as MBean [org.springframework.cloud.context.environment:name=environmentManager,type=EnvironmentManager]
2018-02-09 14:54:49.465  INFO 11948 --- [restartedMain] o.s.j.e.a.AnnotationMBeanExporter        : Located managed bean 'environmentBusEndpoint': registering with JMX server as MBean [org.springframework.cloud.bus.endpoint:name=environmentBusEndpoint,type=EnvironmentBusEndpoint]
2018-02-09 14:54:49.479  INFO 11948 --- [restartedMain] o.s.j.e.a.AnnotationMBeanExporter        : Located managed bean 'serviceRegistryEndpoint': registering with JMX server as MBean [org.springframework.cloud.client.serviceregistry.endpoint:name=serviceRegistryEndpoint,type=ServiceRegistryEndpoint]
2018-02-09 14:54:49.492  INFO 11948 --- [restartedMain] o.s.j.e.a.AnnotationMBeanExporter        : Located managed bean 'refreshBusEndpoint': registering with JMX server as MBean [org.springframework.cloud.bus.endpoint:name=refreshBusEndpoint,type=RefreshBusEndpoint]
2018-02-09 14:54:49.499  INFO 11948 --- [restartedMain] o.s.j.e.a.AnnotationMBeanExporter        : Located managed bean 'refreshScope': registering with JMX server as MBean [org.springframework.cloud.context.scope.refresh:name=refreshScope,type=RefreshScope]
2018-02-09 14:54:49.524  INFO 11948 --- [restartedMain] o.s.j.e.a.AnnotationMBeanExporter        : Located managed bean 'integrationMbeanExporter': registering with JMX server as MBean [org.springframework.integration.monitor:name=integrationMbeanExporter,type=IntegrationMBeanExporter]
2018-02-09 14:54:49.567  INFO 11948 --- [restartedMain] o.s.j.e.a.AnnotationMBeanExporter        : Located managed bean 'configurationPropertiesRebinder': registering with JMX server as MBean [org.springframework.cloud.context.properties:name=configurationPropertiesRebinder,context=51951d25,type=ConfigurationPropertiesRebinder]
2018-02-09 14:54:49.573  INFO 11948 --- [restartedMain] o.s.j.e.a.AnnotationMBeanExporter        : Located managed bean 'rabbitConnectionFactory': registering with JMX server as MBean [org.springframework.amqp.rabbit.connection:name=rabbitConnectionFactory,type=CachingConnectionFactory]
2018-02-09 14:54:49.584  INFO 11948 --- [restartedMain] o.s.j.e.a.AnnotationMBeanExporter        : Located managed bean 'refreshEndpoint': registering with JMX server as MBean [org.springframework.cloud.endpoint:name=refreshEndpoint,type=RefreshEndpoint]
2018-02-09 14:54:49.602  INFO 11948 --- [restartedMain] o.s.i.monitor.IntegrationMBeanExporter   : Registering beans for JMX exposure on startup
2018-02-09 14:54:49.603  INFO 11948 --- [restartedMain] o.s.i.monitor.IntegrationMBeanExporter   : Registering MessageChannel springCloudBusOutput
2018-02-09 14:54:49.612  INFO 11948 --- [restartedMain] o.s.i.monitor.IntegrationMBeanExporter   : Located managed bean 'org.springframework.integration:type=MessageChannel,name=springCloudBusOutput': registering with JMX server as MBean [org.springframework.integration:type=MessageChannel,name=springCloudBusOutput]
2018-02-09 14:54:49.676  INFO 11948 --- [restartedMain] o.s.i.monitor.IntegrationMBeanExporter   : Registering MessageChannel nullChannel
2018-02-09 14:54:49.679  INFO 11948 --- [restartedMain] o.s.i.monitor.IntegrationMBeanExporter   : Located managed bean 'org.springframework.integration:type=MessageChannel,name=nullChannel': registering with JMX server as MBean [org.springframework.integration:type=MessageChannel,name=nullChannel]
2018-02-09 14:54:49.693  INFO 11948 --- [restartedMain] o.s.i.monitor.IntegrationMBeanExporter   : Registering MessageChannel springCloudBusInput
2018-02-09 14:54:49.696  INFO 11948 --- [restartedMain] o.s.i.monitor.IntegrationMBeanExporter   : Located managed bean 'org.springframework.integration:type=MessageChannel,name=springCloudBusInput': registering with JMX server as MBean [org.springframework.integration:type=MessageChannel,name=springCloudBusInput]
2018-02-09 14:54:49.714  INFO 11948 --- [restartedMain] o.s.i.monitor.IntegrationMBeanExporter   : Registering MessageChannel errorChannel
2018-02-09 14:54:49.718  INFO 11948 --- [restartedMain] o.s.i.monitor.IntegrationMBeanExporter   : Located managed bean 'org.springframework.integration:type=MessageChannel,name=errorChannel': registering with JMX server as MBean [org.springframework.integration:type=MessageChannel,name=errorChannel]
2018-02-09 14:54:49.769  INFO 11948 --- [restartedMain] o.s.i.monitor.IntegrationMBeanExporter   : Registering MessageHandler errorLogger
2018-02-09 14:54:49.772  INFO 11948 --- [restartedMain] o.s.i.monitor.IntegrationMBeanExporter   : Located managed bean 'org.springframework.integration:type=MessageHandler,name=errorLogger,bean=internal': registering with JMX server as MBean [org.springframework.integration:type=MessageHandler,name=errorLogger,bean=internal]
2018-02-09 14:54:49.936  INFO 11948 --- [restartedMain] o.s.integration.channel.DirectChannel    : Channel 'client-ribbon1:15025.springCloudBusInput' has 1 subscriber(s).
2018-02-09 14:54:49.942  INFO 11948 --- [restartedMain] o.s.c.support.DefaultLifecycleProcessor  : Starting beans in phase -2147482648
2018-02-09 14:54:52.024  INFO 11948 --- [restartedMain] c.c.c.ConfigServicePropertySourceLocator : Fetching config from server at: http://localhost:15010/
2018-02-09 14:55:11.143  INFO 11948 --- [restartedMain] c.c.c.ConfigServicePropertySourceLocator : Located environment: name=neo-config, profiles=[dev], label=master, version=348389d79c4c791e6a9bdea10ed32a0d0df5808a, state=null
2018-02-09 14:55:11.143  INFO 11948 --- [restartedMain] b.c.PropertySourceBootstrapConfiguration : Located property source: CompositePropertySource [name='configService', propertySources=[MapPropertySource {name='configClient'}, MapPropertySource {name='https://github.com/lomoCgx/spring-cloud-learn/respo/neo-config-dev.properties'}]]
2018-02-09 14:55:11.159  INFO 11948 --- [restartedMain] c.e.demo.ServiceRibbon1Application       : No active profile set, falling back to default profiles: default
2018-02-09 14:55:11.166  INFO 11948 --- [restartedMain] s.c.a.AnnotationConfigApplicationContext : Refreshing org.springframework.context.annotation.AnnotationConfigApplicationContext@3b42c2e2: startup date [Fri Feb 09 14:55:11 CST 2018]; parent: org.springframework.boot.context.embedded.AnnotationConfigEmbeddedWebApplicationContext@51951d25
2018-02-09 14:55:11.290  INFO 11948 --- [restartedMain] f.a.AutowiredAnnotationBeanPostProcessor : JSR-330 'javax.inject.Inject' annotation found and supported for autowiring
2018-02-09 14:55:11.475  INFO 11948 --- [restartedMain] o.s.c.support.GenericApplicationContext  : Refreshing org.springframework.context.support.GenericApplicationContext@1a156a71: startup date [Fri Feb 09 14:55:11 CST 2018]; root of context hierarchy
2018-02-09 14:55:11.569  INFO 11948 --- [restartedMain] c.e.demo.ServiceRibbon1Application       : Started ServiceRibbon1Application in 21.597 seconds (JVM running for 61.336)
2018-02-09 14:55:11.693  INFO 11948 --- [restartedMain] o.s.a.r.c.CachingConnectionFactory       : Attempting to connect to: [localhost:5672]
2018-02-09 14:55:11.801  INFO 11948 --- [restartedMain] o.s.a.r.c.CachingConnectionFactory       : Created new connection: rabbitConnectionFactory#12fe3779:0/SimpleConnection@2bd12045 [delegate=amqp://lomo@127.0.0.1:5672/, localPort= 52060]
2018-02-09 14:55:11.901  INFO 11948 --- [restartedMain] o.s.integration.channel.DirectChannel    : Channel 'client-ribbon1:15025.springCloudBusOutput' has 1 subscriber(s).
2018-02-09 14:55:11.904  INFO 11948 --- [restartedMain] o.s.c.support.DefaultLifecycleProcessor  : Starting beans in phase 0
2018-02-09 14:55:11.914  INFO 11948 --- [restartedMain] o.s.c.n.eureka.InstanceInfoFactory       : Setting initial instance status as: STARTING
2018-02-09 14:55:11.926  INFO 11948 --- [restartedMain] com.netflix.discovery.DiscoveryClient    : Initializing Eureka in region us-east-1
2018-02-09 14:55:11.934  INFO 11948 --- [restartedMain] c.n.d.provider.DiscoveryJerseyProvider   : Using JSON encoding codec LegacyJacksonJson
2018-02-09 14:55:11.934  INFO 11948 --- [restartedMain] c.n.d.provider.DiscoveryJerseyProvider   : Using JSON decoding codec LegacyJacksonJson
2018-02-09 14:55:11.935  INFO 11948 --- [restartedMain] c.n.d.provider.DiscoveryJerseyProvider   : Using XML encoding codec XStreamXml
2018-02-09 14:55:11.935  INFO 11948 --- [restartedMain] c.n.d.provider.DiscoveryJerseyProvider   : Using XML decoding codec XStreamXml
2018-02-09 14:55:12.103  INFO 11948 --- [restartedMain] c.n.d.s.r.aws.ConfigClusterResolver      : Resolving eureka endpoints via configuration
2018-02-09 14:55:12.105  INFO 11948 --- [restartedMain] com.netflix.discovery.DiscoveryClient    : Disable delta property : false
2018-02-09 14:55:12.106  INFO 11948 --- [restartedMain] com.netflix.discovery.DiscoveryClient    : Single vip registry refresh property : null
2018-02-09 14:55:12.106  INFO 11948 --- [restartedMain] com.netflix.discovery.DiscoveryClient    : Force full registry fetch : false
2018-02-09 14:55:12.106  INFO 11948 --- [restartedMain] com.netflix.discovery.DiscoveryClient    : Application is null : false
2018-02-09 14:55:12.106  INFO 11948 --- [restartedMain] com.netflix.discovery.DiscoveryClient    : Registered Applications size is zero : true
2018-02-09 14:55:12.106  INFO 11948 --- [restartedMain] com.netflix.discovery.DiscoveryClient    : Application version is -1: true
2018-02-09 14:55:12.106  INFO 11948 --- [restartedMain] com.netflix.discovery.DiscoveryClient    : Getting all instance registry info from the eureka server
2018-02-09 14:55:12.141  INFO 11948 --- [restartedMain] com.netflix.discovery.DiscoveryClient    : The response status is 200
2018-02-09 14:55:12.143  INFO 11948 --- [restartedMain] com.netflix.discovery.DiscoveryClient    : Starting heartbeat executor: renew interval is: 30
2018-02-09 14:55:12.147  INFO 11948 --- [restartedMain] c.n.discovery.InstanceInfoReplicator     : InstanceInfoReplicator onDemand update allowed rate per min is 4
2018-02-09 14:55:12.150  INFO 11948 --- [restartedMain] com.netflix.discovery.DiscoveryClient    : Discovery Client initialized at timestamp 1518159312150 with initial instances count: 4
2018-02-09 14:55:12.165  INFO 11948 --- [restartedMain] o.s.c.n.e.s.EurekaServiceRegistry        : Registering application client-ribbon1 with eureka with status UP
2018-02-09 14:55:12.167  INFO 11948 --- [restartedMain] com.netflix.discovery.DiscoveryClient    : Saw local status change event StatusChangeEvent [timestamp=1518159312167, current=UP, previous=STARTING]
2018-02-09 14:55:12.170  INFO 11948 --- [DiscoveryClient-InstanceInfoReplicator-0] com.netflix.discovery.DiscoveryClient    : DiscoveryClient_CLIENT-RIBBON1/localhost:client-ribbon1:15025: registering service...
2018-02-09 14:55:12.298  INFO 11948 --- [restartedMain] o.s.i.endpoint.EventDrivenConsumer       : Adding {logging-channel-adapter:_org.springframework.integration.errorLogger} as a subscriber to the 'errorChannel' channel
2018-02-09 14:55:12.298  INFO 11948 --- [restartedMain] o.s.i.channel.PublishSubscribeChannel    : Channel 'client-ribbon1:15025.errorChannel' has 1 subscriber(s).
2018-02-09 14:55:12.299  INFO 11948 --- [restartedMain] o.s.i.endpoint.EventDrivenConsumer       : started _org.springframework.integration.errorLogger
2018-02-09 14:55:12.299  INFO 11948 --- [restartedMain] o.s.c.support.DefaultLifecycleProcessor  : Starting beans in phase 2147482647
2018-02-09 14:55:12.323  INFO 11948 --- [restartedMain] c.s.b.r.p.RabbitExchangeQueueProvisioner : declaring queue for inbound: springCloudBus.anonymous.vE_oaMraQYOKatyVDDC8vw, bound to: springCloudBus
2018-02-09 14:55:12.366  INFO 11948 --- [restartedMain] o.s.c.stream.binder.BinderErrorChannel   : Channel 'client-ribbon1:15025.springCloudBus.anonymous.vE_oaMraQYOKatyVDDC8vw.errors' has 1 subscriber(s).
2018-02-09 14:55:12.367  INFO 11948 --- [restartedMain] o.s.c.stream.binder.BinderErrorChannel   : Channel 'client-ribbon1:15025.springCloudBus.anonymous.vE_oaMraQYOKatyVDDC8vw.errors' has 2 subscriber(s).
2018-02-09 14:55:12.409  INFO 11948 --- [restartedMain] o.s.i.a.i.AmqpInboundChannelAdapter      : started inbound.springCloudBus.anonymous.vE_oaMraQYOKatyVDDC8vw
2018-02-09 14:55:12.410  INFO 11948 --- [restartedMain] o.s.i.endpoint.EventDrivenConsumer       : Adding {message-handler:inbound.springCloudBus.default} as a subscriber to the 'bridge.springCloudBus' channel
2018-02-09 14:55:12.410  INFO 11948 --- [restartedMain] o.s.i.endpoint.EventDrivenConsumer       : started inbound.springCloudBus.default
2018-02-09 14:55:12.411  INFO 11948 --- [restartedMain] o.s.c.support.DefaultLifecycleProcessor  : Starting beans in phase 2147483647
2018-02-09 14:55:12.479  INFO 11948 --- [DiscoveryClient-InstanceInfoReplicator-0] com.netflix.discovery.DiscoveryClient    : DiscoveryClient_CLIENT-RIBBON1/localhost:client-ribbon1:15025 - registration status: 204
2018-02-09 14:55:12.555  INFO 11948 --- [restartedMain] s.b.c.e.t.TomcatEmbeddedServletContainer : Tomcat started on port(s): 15025 (http)
2018-02-09 14:55:12.558  INFO 11948 --- [restartedMain] .s.c.n.e.s.EurekaAutoServiceRegistration : Updating port to 15025
2018-02-09 14:55:12.568  INFO 11948 --- [restartedMain] c.e.demo.ServiceRibbon1Application       : Started ServiceRibbon1Application in 59.574 seconds (JVM running for 62.335)
2018-02-09 15:00:12.111  INFO 11948 --- [AsyncResolver-bootstrap-executor-0] c.n.d.s.r.aws.ConfigClusterResolver      : Resolving eureka endpoints via configuration
2018-02-09 15:05:12.118  INFO 11948 --- [AsyncResolver-bootstrap-executor-0] c.n.d.s.r.aws.ConfigClusterResolver      : Resolving eureka endpoints via configuration
2018-02-09 15:06:34.872  INFO 11948 --- [Thread-9] s.c.a.AnnotationConfigApplicationContext : Closing org.springframework.context.annotation.AnnotationConfigApplicationContext@47d4ea74: startup date [Fri Feb 09 14:54:15 CST 2018]; root of context hierarchy
2018-02-09 15:06:34.875  INFO 11948 --- [Thread-9] ationConfigEmbeddedWebApplicationContext : Closing org.springframework.boot.context.embedded.AnnotationConfigEmbeddedWebApplicationContext@51951d25: startup date [Fri Feb 09 14:54:32 CST 2018]; parent: org.springframework.context.annotation.AnnotationConfigApplicationContext@47d4ea74
2018-02-09 15:06:34.878  INFO 11948 --- [Thread-9] o.s.c.n.e.s.EurekaServiceRegistry        : Unregistering application client-ribbon1 with eureka with status DOWN
2018-02-09 15:06:34.879  WARN 11948 --- [Thread-9] com.netflix.discovery.DiscoveryClient    : Saw local status change event StatusChangeEvent [timestamp=1518159994879, current=DOWN, previous=UP]
2018-02-09 15:06:34.879  INFO 11948 --- [Thread-9] s.c.a.AnnotationConfigApplicationContext : Closing org.springframework.context.annotation.AnnotationConfigApplicationContext@3b42c2e2: startup date [Fri Feb 09 14:55:11 CST 2018]; parent: org.springframework.boot.context.embedded.AnnotationConfigEmbeddedWebApplicationContext@51951d25
2018-02-09 15:06:34.880  INFO 11948 --- [DiscoveryClient-InstanceInfoReplicator-0] com.netflix.discovery.DiscoveryClient    : DiscoveryClient_CLIENT-RIBBON1/localhost:client-ribbon1:15025: registering service...
2018-02-09 15:06:34.986  INFO 11948 --- [DiscoveryClient-InstanceInfoReplicator-0] com.netflix.discovery.DiscoveryClient    : DiscoveryClient_CLIENT-RIBBON1/localhost:client-ribbon1:15025 - registration status: 204
2018-02-09 15:06:35.062  INFO 11948 --- [Thread-9] o.s.c.support.DefaultLifecycleProcessor  : Stopping beans in phase 2147483647
2018-02-09 15:06:35.063  INFO 11948 --- [Thread-9] o.s.c.support.DefaultLifecycleProcessor  : Stopping beans in phase 2147482647
2018-02-09 15:06:35.066  INFO 11948 --- [Thread-9] o.s.a.r.l.SimpleMessageListenerContainer : Waiting for workers to finish.
2018-02-09 15:06:35.066  INFO 11948 --- [Thread-9] o.s.a.r.l.SimpleMessageListenerContainer : Successfully waited for workers to finish.
2018-02-09 15:06:35.067  INFO 11948 --- [Thread-9] o.s.i.a.i.AmqpInboundChannelAdapter      : stopped inbound.springCloudBus.anonymous.vE_oaMraQYOKatyVDDC8vw
2018-02-09 15:06:35.067  INFO 11948 --- [Thread-9] o.s.c.support.DefaultLifecycleProcessor  : Stopping beans in phase 0
2018-02-09 15:06:35.068  INFO 11948 --- [Thread-9] o.s.i.endpoint.EventDrivenConsumer       : Removing {logging-channel-adapter:_org.springframework.integration.errorLogger} as a subscriber to the 'errorChannel' channel
2018-02-09 15:06:35.069  INFO 11948 --- [Thread-9] o.s.i.channel.PublishSubscribeChannel    : Channel 'client-ribbon1:15025.errorChannel' has 0 subscriber(s).
2018-02-09 15:06:35.069  INFO 11948 --- [Thread-9] o.s.i.endpoint.EventDrivenConsumer       : stopped _org.springframework.integration.errorLogger
2018-02-09 15:06:35.069  INFO 11948 --- [Thread-9] o.s.c.support.DefaultLifecycleProcessor  : Stopping beans in phase -2147482648
2018-02-09 15:06:35.080  INFO 11948 --- [Thread-9] o.s.s.c.ThreadPoolTaskScheduler          : Shutting down ExecutorService 'taskScheduler'
2018-02-09 15:06:35.081  INFO 11948 --- [Thread-9] o.s.i.monitor.IntegrationMBeanExporter   : Unregistering JMX-exposed beans on shutdown
2018-02-09 15:06:35.081  INFO 11948 --- [Thread-9] o.s.i.monitor.IntegrationMBeanExporter   : Unregistering JMX-exposed beans
2018-02-09 15:06:35.082  INFO 11948 --- [Thread-9] o.s.i.monitor.IntegrationMBeanExporter   : Summary on shutdown: springCloudBusOutput
2018-02-09 15:06:35.083  INFO 11948 --- [Thread-9] o.s.i.monitor.IntegrationMBeanExporter   : Summary on shutdown: nullChannel
2018-02-09 15:06:35.085  INFO 11948 --- [Thread-9] o.s.i.monitor.IntegrationMBeanExporter   : Summary on shutdown: springCloudBusInput
2018-02-09 15:06:35.085  INFO 11948 --- [Thread-9] o.s.i.monitor.IntegrationMBeanExporter   : Summary on shutdown: errorChannel
2018-02-09 15:06:35.085  INFO 11948 --- [Thread-9] o.s.i.monitor.IntegrationMBeanExporter   : Summary on shutdown: _org.springframework.integration.errorLogger.handler
2018-02-09 15:06:35.086  INFO 11948 --- [Thread-9] o.s.j.e.a.AnnotationMBeanExporter        : Unregistering JMX-exposed beans on shutdown
2018-02-09 15:06:35.087  INFO 11948 --- [Thread-9] o.s.j.e.a.AnnotationMBeanExporter        : Unregistering JMX-exposed beans
2018-02-09 15:06:35.089  INFO 11948 --- [Thread-9] com.netflix.discovery.DiscoveryClient    : Shutting down DiscoveryClient ...
2018-02-09 15:06:35.090  INFO 11948 --- [Thread-9] com.netflix.discovery.DiscoveryClient    : Unregistering ...
2018-02-09 15:06:35.118  INFO 11948 --- [Thread-9] com.netflix.discovery.DiscoveryClient    : DiscoveryClient_CLIENT-RIBBON1/localhost:client-ribbon1:15025 - deregister  status: 200
2018-02-09 15:06:35.137  INFO 11948 --- [Thread-9] com.netflix.discovery.DiscoveryClient    : Completed shut down of DiscoveryClient
2018-02-09 15:06:55.247  INFO 11948 --- [restartedMain] s.c.a.AnnotationConfigApplicationContext : Refreshing org.springframework.context.annotation.AnnotationConfigApplicationContext@a8abd71: startup date [Fri Feb 09 15:06:55 CST 2018]; root of context hierarchy
2018-02-09 15:06:55.407  INFO 11948 --- [restartedMain] f.a.AutowiredAnnotationBeanPostProcessor : JSR-330 'javax.inject.Inject' annotation found and supported for autowiring
2018-02-09 15:06:55.410  INFO 11948 --- [restartedMain] trationDelegate$BeanPostProcessorChecker : Bean 'configurationPropertiesRebinderAutoConfiguration' of type [org.springframework.cloud.autoconfigure.ConfigurationPropertiesRebinderAutoConfiguration$$EnhancerBySpringCGLIB$$3a686757] is not eligible for getting processed by all BeanPostProcessors (for example: not eligible for auto-proxying)
2018-02-09 15:06:56.440  INFO 11948 --- [restartedMain] o.s.c.n.eureka.InstanceInfoFactory       : Setting initial instance status as: STARTING
2018-02-09 15:06:56.495  INFO 11948 --- [restartedMain] com.netflix.discovery.DiscoveryClient    : Initializing Eureka in region us-east-1
2018-02-09 15:06:56.500  INFO 11948 --- [restartedMain] c.n.d.provider.DiscoveryJerseyProvider   : Using JSON encoding codec LegacyJacksonJson
2018-02-09 15:06:56.500  INFO 11948 --- [restartedMain] c.n.d.provider.DiscoveryJerseyProvider   : Using JSON decoding codec LegacyJacksonJson
2018-02-09 15:06:56.500  INFO 11948 --- [restartedMain] c.n.d.provider.DiscoveryJerseyProvider   : Using XML encoding codec XStreamXml
2018-02-09 15:06:56.501  INFO 11948 --- [restartedMain] c.n.d.provider.DiscoveryJerseyProvider   : Using XML decoding codec XStreamXml
2018-02-09 15:06:56.651  INFO 11948 --- [restartedMain] c.n.d.s.r.aws.ConfigClusterResolver      : Resolving eureka endpoints via configuration
2018-02-09 15:06:56.765  INFO 11948 --- [restartedMain] com.netflix.discovery.DiscoveryClient    : Disable delta property : false
2018-02-09 15:06:56.765  INFO 11948 --- [restartedMain] com.netflix.discovery.DiscoveryClient    : Single vip registry refresh property : null
2018-02-09 15:06:56.765  INFO 11948 --- [restartedMain] com.netflix.discovery.DiscoveryClient    : Force full registry fetch : false
2018-02-09 15:06:56.766  INFO 11948 --- [restartedMain] com.netflix.discovery.DiscoveryClient    : Application is null : false
2018-02-09 15:06:56.766  INFO 11948 --- [restartedMain] com.netflix.discovery.DiscoveryClient    : Registered Applications size is zero : true
2018-02-09 15:06:56.766  INFO 11948 --- [restartedMain] com.netflix.discovery.DiscoveryClient    : Application version is -1: true
2018-02-09 15:06:56.766  INFO 11948 --- [restartedMain] com.netflix.discovery.DiscoveryClient    : Getting all instance registry info from the eureka server
2018-02-09 15:06:56.792  INFO 11948 --- [restartedMain] com.netflix.discovery.DiscoveryClient    : The response status is 200
2018-02-09 15:06:56.794  INFO 11948 --- [restartedMain] com.netflix.discovery.DiscoveryClient    : Not registering with Eureka server per configuration
2018-02-09 15:06:56.794  INFO 11948 --- [restartedMain] com.netflix.discovery.DiscoveryClient    : Discovery Client initialized at timestamp 1518160016794 with initial instances count: 4
2018-02-09 15:06:57.609  INFO 11948 --- [restartedMain] c.c.c.ConfigServicePropertySourceLocator : Fetching config from server at: http://localhost:15010/
2018-02-09 15:07:05.206  INFO 11948 --- [restartedMain] c.c.c.ConfigServicePropertySourceLocator : Located environment: name=neo-config, profiles=[dev], label=master, version=348389d79c4c791e6a9bdea10ed32a0d0df5808a, state=null
2018-02-09 15:07:05.206  INFO 11948 --- [restartedMain] b.c.PropertySourceBootstrapConfiguration : Located property source: CompositePropertySource [name='configService', propertySources=[MapPropertySource {name='configClient'}, MapPropertySource {name='https://github.com/lomoCgx/spring-cloud-learn/respo/neo-config-dev.properties'}]]
2018-02-09 15:07:05.242  INFO 11948 --- [restartedMain] c.e.demo.ServiceRibbon1Application       : No active profile set, falling back to default profiles: default
2018-02-09 15:07:05.247  INFO 11948 --- [restartedMain] ationConfigEmbeddedWebApplicationContext : Refreshing org.springframework.boot.context.embedded.AnnotationConfigEmbeddedWebApplicationContext@2f6b5330: startup date [Fri Feb 09 15:07:05 CST 2018]; parent: org.springframework.context.annotation.AnnotationConfigApplicationContext@a8abd71
2018-02-09 15:07:06.849  INFO 11948 --- [restartedMain] o.s.i.config.IntegrationRegistrar        : No bean named 'integrationHeaderChannelRegistry' has been explicitly defined. Therefore, a default DefaultHeaderChannelRegistry will be created.
2018-02-09 15:07:07.156  INFO 11948 --- [restartedMain] o.s.cloud.context.scope.GenericScope     : BeanFactory id=128dbc5b-def6-325d-ac60-f4329e5b9e66
2018-02-09 15:07:07.166  INFO 11948 --- [restartedMain] faultConfiguringBeanFactoryPostProcessor : No bean named 'errorChannel' has been explicitly defined. Therefore, a default PublishSubscribeChannel will be created.
2018-02-09 15:07:07.166  INFO 11948 --- [restartedMain] faultConfiguringBeanFactoryPostProcessor : No bean named 'taskScheduler' has been explicitly defined. Therefore, a default ThreadPoolTaskScheduler will be created.
2018-02-09 15:07:07.183  INFO 11948 --- [restartedMain] f.a.AutowiredAnnotationBeanPostProcessor : JSR-330 'javax.inject.Inject' annotation found and supported for autowiring
2018-02-09 15:07:07.206  INFO 11948 --- [restartedMain] trationDelegate$BeanPostProcessorChecker : Bean 'org.springframework.amqp.rabbit.annotation.RabbitBootstrapConfiguration' of type [org.springframework.amqp.rabbit.annotation.RabbitBootstrapConfiguration$$EnhancerBySpringCGLIB$$e4ba2288] is not eligible for getting processed by all BeanPostProcessors (for example: not eligible for auto-proxying)
2018-02-09 15:07:07.218  INFO 11948 --- [restartedMain] trationDelegate$BeanPostProcessorChecker : Bean 'org.springframework.cloud.netflix.metrics.MetricsInterceptorConfiguration$MetricsRestTemplateConfiguration' of type [org.springframework.cloud.netflix.metrics.MetricsInterceptorConfiguration$MetricsRestTemplateConfiguration$$EnhancerBySpringCGLIB$$507b0a9b] is not eligible for getting processed by all BeanPostProcessors (for example: not eligible for auto-proxying)
2018-02-09 15:07:07.236  INFO 11948 --- [restartedMain] trationDelegate$BeanPostProcessorChecker : Bean 'org.springframework.transaction.annotation.ProxyTransactionManagementConfiguration' of type [org.springframework.transaction.annotation.ProxyTransactionManagementConfiguration$$EnhancerBySpringCGLIB$$1e4e645a] is not eligible for getting processed by all BeanPostProcessors (for example: not eligible for auto-proxying)
2018-02-09 15:07:07.255  INFO 11948 --- [restartedMain] trationDelegate$BeanPostProcessorChecker : Bean 'integrationGlobalProperties' of type [org.springframework.beans.factory.config.PropertiesFactoryBean] is not eligible for getting processed by all BeanPostProcessors (for example: not eligible for auto-proxying)
2018-02-09 15:07:07.257  INFO 11948 --- [restartedMain] trationDelegate$BeanPostProcessorChecker : Bean 'integrationGlobalProperties' of type [java.util.Properties] is not eligible for getting processed by all BeanPostProcessors (for example: not eligible for auto-proxying)
2018-02-09 15:07:07.276  INFO 11948 --- [restartedMain] trationDelegate$BeanPostProcessorChecker : Bean 'org.springframework.cloud.autoconfigure.ConfigurationPropertiesRebinderAutoConfiguration' of type [org.springframework.cloud.autoconfigure.ConfigurationPropertiesRebinderAutoConfiguration$$EnhancerBySpringCGLIB$$3a686757] is not eligible for getting processed by all BeanPostProcessors (for example: not eligible for auto-proxying)
2018-02-09 15:07:07.793  INFO 11948 --- [restartedMain] s.b.c.e.t.TomcatEmbeddedServletContainer : Tomcat initialized with port(s): 15025 (http)
2018-02-09 15:07:07.795  INFO 11948 --- [restartedMain] o.apache.catalina.core.StandardService   : Starting service [Tomcat]
2018-02-09 15:07:07.795  INFO 11948 --- [restartedMain] org.apache.catalina.core.StandardEngine  : Starting Servlet Engine: Apache Tomcat/8.5.27
2018-02-09 15:07:07.836  INFO 11948 --- [localhost-startStop-1] o.a.c.c.C.[Tomcat].[localhost].[/]       : Initializing Spring embedded WebApplicationContext
2018-02-09 15:07:07.838  INFO 11948 --- [localhost-startStop-1] o.s.web.context.ContextLoader            : Root WebApplicationContext: initialization completed in 2591 ms
2018-02-09 15:07:08.254  INFO 11948 --- [localhost-startStop-1] o.s.b.w.servlet.ServletRegistrationBean  : Mapping servlet: 'dispatcherServlet' to [/]
2018-02-09 15:07:08.255  INFO 11948 --- [localhost-startStop-1] o.s.b.w.servlet.FilterRegistrationBean   : Mapping filter: 'metricsFilter' to: [/*]
2018-02-09 15:07:08.255  INFO 11948 --- [localhost-startStop-1] o.s.b.w.servlet.FilterRegistrationBean   : Mapping filter: 'characterEncodingFilter' to: [/*]
2018-02-09 15:07:08.255  INFO 11948 --- [localhost-startStop-1] o.s.b.w.servlet.FilterRegistrationBean   : Mapping filter: 'hiddenHttpMethodFilter' to: [/*]
2018-02-09 15:07:08.255  INFO 11948 --- [localhost-startStop-1] o.s.b.w.servlet.FilterRegistrationBean   : Mapping filter: 'httpPutFormContentFilter' to: [/*]
2018-02-09 15:07:08.256  INFO 11948 --- [localhost-startStop-1] o.s.b.w.servlet.FilterRegistrationBean   : Mapping filter: 'requestContextFilter' to: [/*]
2018-02-09 15:07:08.256  INFO 11948 --- [localhost-startStop-1] o.s.b.w.servlet.FilterRegistrationBean   : Mapping filter: 'webRequestLoggingFilter' to: [/*]
2018-02-09 15:07:08.256  INFO 11948 --- [localhost-startStop-1] o.s.b.w.servlet.FilterRegistrationBean   : Mapping filter: 'applicationContextIdFilter' to: [/*]
2018-02-09 15:07:08.715  WARN 11948 --- [restartedMain] c.n.c.sources.URLConfigurationSource     : No URLs will be polled as dynamic configuration sources.
2018-02-09 15:07:08.715  INFO 11948 --- [restartedMain] c.n.c.sources.URLConfigurationSource     : To enable URLs as dynamic configuration sources, define System property archaius.configurationSource.additionalUrls or make config.properties available on classpath.
2018-02-09 15:07:09.160  INFO 11948 --- [restartedMain] s.w.s.m.m.a.RequestMappingHandlerAdapter : Looking for @ControllerAdvice: org.springframework.boot.context.embedded.AnnotationConfigEmbeddedWebApplicationContext@2f6b5330: startup date [Fri Feb 09 15:07:05 CST 2018]; parent: org.springframework.context.annotation.AnnotationConfigApplicationContext@a8abd71
2018-02-09 15:07:09.252  INFO 11948 --- [restartedMain] s.w.s.m.m.a.RequestMappingHandlerMapping : Mapped "{[/insert],methods=[GET]}" onto public java.lang.String com.example.demo.TestController.insert()
2018-02-09 15:07:09.253  INFO 11948 --- [restartedMain] s.w.s.m.m.a.RequestMappingHandlerMapping : Mapped "{[/dc],methods=[GET]}" onto public java.lang.String com.example.demo.TestController.dc()
2018-02-09 15:07:09.253  INFO 11948 --- [restartedMain] s.w.s.m.m.a.RequestMappingHandlerMapping : Mapped "{[/hi]}" onto public java.lang.String com.example.demo.TestController.hi()
2018-02-09 15:07:09.258  INFO 11948 --- [restartedMain] s.w.s.m.m.a.RequestMappingHandlerMapping : Mapped "{[/error]}" onto public org.springframework.http.ResponseEntity<java.util.Map<java.lang.String, java.lang.Object>> org.springframework.boot.autoconfigure.web.BasicErrorController.error(javax.servlet.http.HttpServletRequest)
2018-02-09 15:07:09.259  INFO 11948 --- [restartedMain] s.w.s.m.m.a.RequestMappingHandlerMapping : Mapped "{[/error],produces=[text/html]}" onto public org.springframework.web.servlet.ModelAndView org.springframework.boot.autoconfigure.web.BasicErrorController.errorHtml(javax.servlet.http.HttpServletRequest,javax.servlet.http.HttpServletResponse)
2018-02-09 15:07:09.323  INFO 11948 --- [restartedMain] o.s.w.s.handler.SimpleUrlHandlerMapping  : Mapped URL path [/webjars/**] onto handler of type [class org.springframework.web.servlet.resource.ResourceHttpRequestHandler]
2018-02-09 15:07:09.323  INFO 11948 --- [restartedMain] o.s.w.s.handler.SimpleUrlHandlerMapping  : Mapped URL path [/**] onto handler of type [class org.springframework.web.servlet.resource.ResourceHttpRequestHandler]
2018-02-09 15:07:09.384  INFO 11948 --- [restartedMain] o.s.w.s.handler.SimpleUrlHandlerMapping  : Mapped URL path [/**/favicon.ico] onto handler of type [class org.springframework.web.servlet.resource.ResourceHttpRequestHandler]
2018-02-09 15:07:11.289  INFO 11948 --- [restartedMain] o.s.cloud.commons.util.InetUtils         : Cannot determine local hostname
2018-02-09 15:07:14.362  INFO 11948 --- [restartedMain] o.s.cloud.commons.util.InetUtils         : Cannot determine local hostname
2018-02-09 15:07:14.810  INFO 11948 --- [restartedMain] o.s.s.c.ThreadPoolTaskScheduler          : Initializing ExecutorService  'taskScheduler'
2018-02-09 15:07:15.306  INFO 11948 --- [restartedMain] o.s.b.a.e.mvc.EndpointHandlerMapping     : Mapped "{[/heapdump || /heapdump.json],methods=[GET],produces=[application/octet-stream]}" onto public void org.springframework.boot.actuate.endpoint.mvc.HeapdumpMvcEndpoint.invoke(boolean,javax.servlet.http.HttpServletRequest,javax.servlet.http.HttpServletResponse) throws java.io.IOException,javax.servlet.ServletException
2018-02-09 15:07:15.308  INFO 11948 --- [restartedMain] o.s.b.a.e.mvc.EndpointHandlerMapping     : Mapped "{[/autoconfig || /autoconfig.json],methods=[GET],produces=[application/vnd.spring-boot.actuator.v1+json || application/json]}" onto public java.lang.Object org.springframework.boot.actuate.endpoint.mvc.EndpointMvcAdapter.invoke()
2018-02-09 15:07:15.310  INFO 11948 --- [restartedMain] o.s.b.a.e.mvc.EndpointHandlerMapping     : Mapped "{[/env/{name:.*}],methods=[GET],produces=[application/vnd.spring-boot.actuator.v1+json || application/json]}" onto public java.lang.Object org.springframework.boot.actuate.endpoint.mvc.EnvironmentMvcEndpoint.value(java.lang.String)
2018-02-09 15:07:15.310  INFO 11948 --- [restartedMain] o.s.b.a.e.mvc.EndpointHandlerMapping     : Mapped "{[/env || /env.json],methods=[GET],produces=[application/vnd.spring-boot.actuator.v1+json || application/json]}" onto public java.lang.Object org.springframework.boot.actuate.endpoint.mvc.EndpointMvcAdapter.invoke()
2018-02-09 15:07:15.311  INFO 11948 --- [restartedMain] o.s.b.a.e.mvc.EndpointHandlerMapping     : Mapped "{[/metrics/{name:.*}],methods=[GET],produces=[application/vnd.spring-boot.actuator.v1+json || application/json]}" onto public java.lang.Object org.springframework.boot.actuate.endpoint.mvc.MetricsMvcEndpoint.value(java.lang.String)
2018-02-09 15:07:15.311  INFO 11948 --- [restartedMain] o.s.b.a.e.mvc.EndpointHandlerMapping     : Mapped "{[/metrics || /metrics.json],methods=[GET],produces=[application/vnd.spring-boot.actuator.v1+json || application/json]}" onto public java.lang.Object org.springframework.boot.actuate.endpoint.mvc.EndpointMvcAdapter.invoke()
2018-02-09 15:07:15.312  INFO 11948 --- [restartedMain] o.s.b.a.e.mvc.EndpointHandlerMapping     : Mapped "{[/logfile || /logfile.json],methods=[GET || HEAD]}" onto public void org.springframework.boot.actuate.endpoint.mvc.LogFileMvcEndpoint.invoke(javax.servlet.http.HttpServletRequest,javax.servlet.http.HttpServletResponse) throws javax.servlet.ServletException,java.io.IOException
2018-02-09 15:07:15.313  INFO 11948 --- [restartedMain] o.s.b.a.e.mvc.EndpointHandlerMapping     : Mapped "{[/beans || /beans.json],methods=[GET],produces=[application/vnd.spring-boot.actuator.v1+json || application/json]}" onto public java.lang.Object org.springframework.boot.actuate.endpoint.mvc.EndpointMvcAdapter.invoke()
2018-02-09 15:07:15.314  INFO 11948 --- [restartedMain] o.s.b.a.e.mvc.EndpointHandlerMapping     : Mapped "{[/auditevents || /auditevents.json],methods=[GET],produces=[application/vnd.spring-boot.actuator.v1+json || application/json]}" onto public org.springframework.http.ResponseEntity<?> org.springframework.boot.actuate.endpoint.mvc.AuditEventsMvcEndpoint.findByPrincipalAndAfterAndType(java.lang.String,java.util.Date,java.lang.String)
2018-02-09 15:07:15.315  INFO 11948 --- [restartedMain] o.s.b.a.e.mvc.EndpointHandlerMapping     : Mapped "{[/info || /info.json],methods=[GET],produces=[application/vnd.spring-boot.actuator.v1+json || application/json]}" onto public java.lang.Object org.springframework.boot.actuate.endpoint.mvc.EndpointMvcAdapter.invoke()
2018-02-09 15:07:15.316  INFO 11948 --- [restartedMain] o.s.b.a.e.mvc.EndpointHandlerMapping     : Mapped "{[/configprops || /configprops.json],methods=[GET],produces=[application/vnd.spring-boot.actuator.v1+json || application/json]}" onto public java.lang.Object org.springframework.boot.actuate.endpoint.mvc.EndpointMvcAdapter.invoke()
2018-02-09 15:07:15.316  INFO 11948 --- [restartedMain] o.s.b.a.e.mvc.EndpointHandlerMapping     : Mapped "{[/bus/env],methods=[POST]}" onto public void org.springframework.cloud.bus.endpoint.EnvironmentBusEndpoint.env(java.util.Map<java.lang.String, java.lang.String>,java.lang.String)
2018-02-09 15:07:15.317  INFO 11948 --- [restartedMain] o.s.b.a.e.mvc.EndpointHandlerMapping     : Mapped "{[/refresh || /refresh.json],methods=[POST]}" onto public java.lang.Object org.springframework.cloud.endpoint.GenericPostableMvcEndpoint.invoke()
2018-02-09 15:07:15.317  INFO 11948 --- [restartedMain] o.s.b.a.e.mvc.EndpointHandlerMapping     : Mapped "{[/bus/refresh],methods=[POST]}" onto public void org.springframework.cloud.bus.endpoint.RefreshBusEndpoint.refresh(java.lang.String)
2018-02-09 15:07:15.318  INFO 11948 --- [restartedMain] o.s.b.a.e.mvc.EndpointHandlerMapping     : Mapped "{[/env],methods=[POST]}" onto public java.lang.Object org.springframework.cloud.context.environment.EnvironmentManagerMvcEndpoint.value(java.util.Map<java.lang.String, java.lang.String>)
2018-02-09 15:07:15.318  INFO 11948 --- [restartedMain] o.s.b.a.e.mvc.EndpointHandlerMapping     : Mapped "{[/env/reset],methods=[POST]}" onto public java.util.Map<java.lang.String, java.lang.Object> org.springframework.cloud.context.environment.EnvironmentManagerMvcEndpoint.reset()
2018-02-09 15:07:15.319  INFO 11948 --- [restartedMain] o.s.b.a.e.mvc.EndpointHandlerMapping     : Mapped "{[/dump || /dump.json],methods=[GET],produces=[application/vnd.spring-boot.actuator.v1+json || application/json]}" onto public java.lang.Object org.springframework.boot.actuate.endpoint.mvc.EndpointMvcAdapter.invoke()
2018-02-09 15:07:15.320  INFO 11948 --- [restartedMain] o.s.b.a.e.mvc.EndpointHandlerMapping     : Mapped "{[/health || /health.json],methods=[GET],produces=[application/vnd.spring-boot.actuator.v1+json || application/json]}" onto public java.lang.Object org.springframework.boot.actuate.endpoint.mvc.HealthMvcEndpoint.invoke(javax.servlet.http.HttpServletRequest,java.security.Principal)
2018-02-09 15:07:15.320  INFO 11948 --- [restartedMain] o.s.b.a.e.mvc.EndpointHandlerMapping     : Mapped "{[/mappings || /mappings.json],methods=[GET],produces=[application/vnd.spring-boot.actuator.v1+json || application/json]}" onto public java.lang.Object org.springframework.boot.actuate.endpoint.mvc.EndpointMvcAdapter.invoke()
2018-02-09 15:07:15.321  INFO 11948 --- [restartedMain] o.s.b.a.e.mvc.EndpointHandlerMapping     : Mapped "{[/features || /features.json],methods=[GET],produces=[application/vnd.spring-boot.actuator.v1+json || application/json]}" onto public java.lang.Object org.springframework.boot.actuate.endpoint.mvc.EndpointMvcAdapter.invoke()
2018-02-09 15:07:15.321  INFO 11948 --- [restartedMain] o.s.b.a.e.mvc.EndpointHandlerMapping     : Mapped "{[/trace || /trace.json],methods=[GET],produces=[application/vnd.spring-boot.actuator.v1+json || application/json]}" onto public java.lang.Object org.springframework.boot.actuate.endpoint.mvc.EndpointMvcAdapter.invoke()
2018-02-09 15:07:15.322  INFO 11948 --- [restartedMain] o.s.b.a.e.mvc.EndpointHandlerMapping     : Mapped "{[/loggers/{name:.*}],methods=[GET],produces=[application/vnd.spring-boot.actuator.v1+json || application/json]}" onto public java.lang.Object org.springframework.boot.actuate.endpoint.mvc.LoggersMvcEndpoint.get(java.lang.String)
2018-02-09 15:07:15.323  INFO 11948 --- [restartedMain] o.s.b.a.e.mvc.EndpointHandlerMapping     : Mapped "{[/loggers/{name:.*}],methods=[POST],consumes=[application/vnd.spring-boot.actuator.v1+json || application/json],produces=[application/vnd.spring-boot.actuator.v1+json || application/json]}" onto public java.lang.Object org.springframework.boot.actuate.endpoint.mvc.LoggersMvcEndpoint.set(java.lang.String,java.util.Map<java.lang.String, java.lang.String>)
2018-02-09 15:07:15.323  INFO 11948 --- [restartedMain] o.s.b.a.e.mvc.EndpointHandlerMapping     : Mapped "{[/loggers || /loggers.json],methods=[GET],produces=[application/vnd.spring-boot.actuator.v1+json || application/json]}" onto public java.lang.Object org.springframework.boot.actuate.endpoint.mvc.EndpointMvcAdapter.invoke()
2018-02-09 15:07:15.324  INFO 11948 --- [restartedMain] o.s.b.a.e.mvc.EndpointHandlerMapping     : Mapped "{[/archaius || /archaius.json],methods=[GET],produces=[application/vnd.spring-boot.actuator.v1+json || application/json]}" onto public java.lang.Object org.springframework.boot.actuate.endpoint.mvc.EndpointMvcAdapter.invoke()
2018-02-09 15:07:15.324  INFO 11948 --- [restartedMain] o.s.b.a.e.mvc.EndpointHandlerMapping     : Mapped "{[/service-registry/instance-status],methods=[GET]}" onto public org.springframework.http.ResponseEntity org.springframework.cloud.client.serviceregistry.endpoint.ServiceRegistryEndpoint.getStatus()
2018-02-09 15:07:15.325  INFO 11948 --- [restartedMain] o.s.b.a.e.mvc.EndpointHandlerMapping     : Mapped "{[/service-registry/instance-status],methods=[POST]}" onto public org.springframework.http.ResponseEntity<?> org.springframework.cloud.client.serviceregistry.endpoint.ServiceRegistryEndpoint.setStatus(java.lang.String)
2018-02-09 15:07:15.326  INFO 11948 --- [restartedMain] o.s.b.a.e.mvc.EndpointHandlerMapping     : Mapped "{[/channels || /channels.json],methods=[GET],produces=[application/vnd.spring-boot.actuator.v1+json || application/json]}" onto public java.lang.Object org.springframework.boot.actuate.endpoint.mvc.EndpointMvcAdapter.invoke()
2018-02-09 15:07:15.533  INFO 11948 --- [restartedMain] o.s.b.d.a.OptionalLiveReloadServer       : LiveReload server is running on port 35729
2018-02-09 15:07:15.903  INFO 11948 --- [restartedMain] com.netflix.discovery.DiscoveryClient    : Shutting down DiscoveryClient ...
2018-02-09 15:07:15.912  INFO 11948 --- [restartedMain] com.netflix.discovery.DiscoveryClient    : Completed shut down of DiscoveryClient
2018-02-09 15:07:15.944  INFO 11948 --- [restartedMain] o.s.i.codec.kryo.CompositeKryoRegistrar  : configured Kryo registration [40, java.io.File] with serializer org.springframework.integration.codec.kryo.FileSerializer
2018-02-09 15:07:16.246  INFO 11948 --- [restartedMain] o.s.j.e.a.AnnotationMBeanExporter        : Registering beans for JMX exposure on startup
2018-02-09 15:07:16.255  INFO 11948 --- [restartedMain] o.s.j.e.a.AnnotationMBeanExporter        : Bean with name 'rabbitConnectionFactory' has been autodetected for JMX exposure
2018-02-09 15:07:16.257  INFO 11948 --- [restartedMain] o.s.j.e.a.AnnotationMBeanExporter        : Bean with name 'integrationMbeanExporter' has been autodetected for JMX exposure
2018-02-09 15:07:16.263  INFO 11948 --- [restartedMain] o.s.j.e.a.AnnotationMBeanExporter        : Bean with name 'configurationPropertiesRebinder' has been autodetected for JMX exposure
2018-02-09 15:07:16.264  INFO 11948 --- [restartedMain] o.s.j.e.a.AnnotationMBeanExporter        : Bean with name 'refreshEndpoint' has been autodetected for JMX exposure
2018-02-09 15:07:16.264  INFO 11948 --- [restartedMain] o.s.j.e.a.AnnotationMBeanExporter        : Bean with name 'environmentManager' has been autodetected for JMX exposure
2018-02-09 15:07:16.264  INFO 11948 --- [restartedMain] o.s.j.e.a.AnnotationMBeanExporter        : Bean with name 'environmentBusEndpoint' has been autodetected for JMX exposure
2018-02-09 15:07:16.265  INFO 11948 --- [restartedMain] o.s.j.e.a.AnnotationMBeanExporter        : Bean with name 'refreshBusEndpoint' has been autodetected for JMX exposure
2018-02-09 15:07:16.267  INFO 11948 --- [restartedMain] o.s.j.e.a.AnnotationMBeanExporter        : Bean with name 'serviceRegistryEndpoint' has been autodetected for JMX exposure
2018-02-09 15:07:16.268  INFO 11948 --- [restartedMain] o.s.j.e.a.AnnotationMBeanExporter        : Bean with name 'refreshScope' has been autodetected for JMX exposure
2018-02-09 15:07:16.273  INFO 11948 --- [restartedMain] o.s.j.e.a.AnnotationMBeanExporter        : Located managed bean 'environmentManager': registering with JMX server as MBean [org.springframework.cloud.context.environment:name=environmentManager,type=EnvironmentManager]
2018-02-09 15:07:16.281  INFO 11948 --- [restartedMain] o.s.j.e.a.AnnotationMBeanExporter        : Located managed bean 'environmentBusEndpoint': registering with JMX server as MBean [org.springframework.cloud.bus.endpoint:name=environmentBusEndpoint,type=EnvironmentBusEndpoint]
2018-02-09 15:07:16.288  INFO 11948 --- [restartedMain] o.s.j.e.a.AnnotationMBeanExporter        : Located managed bean 'serviceRegistryEndpoint': registering with JMX server as MBean [org.springframework.cloud.client.serviceregistry.endpoint:name=serviceRegistryEndpoint,type=ServiceRegistryEndpoint]
2018-02-09 15:07:16.297  INFO 11948 --- [restartedMain] o.s.j.e.a.AnnotationMBeanExporter        : Located managed bean 'refreshBusEndpoint': registering with JMX server as MBean [org.springframework.cloud.bus.endpoint:name=refreshBusEndpoint,type=RefreshBusEndpoint]
2018-02-09 15:07:16.304  INFO 11948 --- [restartedMain] o.s.j.e.a.AnnotationMBeanExporter        : Located managed bean 'refreshScope': registering with JMX server as MBean [org.springframework.cloud.context.scope.refresh:name=refreshScope,type=RefreshScope]
2018-02-09 15:07:16.312  INFO 11948 --- [restartedMain] o.s.j.e.a.AnnotationMBeanExporter        : Located managed bean 'integrationMbeanExporter': registering with JMX server as MBean [org.springframework.integration.monitor:name=integrationMbeanExporter,type=IntegrationMBeanExporter]
2018-02-09 15:07:16.333  INFO 11948 --- [restartedMain] o.s.j.e.a.AnnotationMBeanExporter        : Located managed bean 'configurationPropertiesRebinder': registering with JMX server as MBean [org.springframework.cloud.context.properties:name=configurationPropertiesRebinder,context=2f6b5330,type=ConfigurationPropertiesRebinder]
2018-02-09 15:07:16.341  INFO 11948 --- [restartedMain] o.s.j.e.a.AnnotationMBeanExporter        : Located managed bean 'rabbitConnectionFactory': registering with JMX server as MBean [org.springframework.amqp.rabbit.connection:name=rabbitConnectionFactory,type=CachingConnectionFactory]
2018-02-09 15:07:16.353  INFO 11948 --- [restartedMain] o.s.j.e.a.AnnotationMBeanExporter        : Located managed bean 'refreshEndpoint': registering with JMX server as MBean [org.springframework.cloud.endpoint:name=refreshEndpoint,type=RefreshEndpoint]
2018-02-09 15:07:16.374  INFO 11948 --- [restartedMain] o.s.i.monitor.IntegrationMBeanExporter   : Registering beans for JMX exposure on startup
2018-02-09 15:07:16.374  INFO 11948 --- [restartedMain] o.s.i.monitor.IntegrationMBeanExporter   : Registering MessageChannel errorChannel
2018-02-09 15:07:16.388  INFO 11948 --- [restartedMain] o.s.i.monitor.IntegrationMBeanExporter   : Located managed bean 'org.springframework.integration:type=MessageChannel,name=errorChannel': registering with JMX server as MBean [org.springframework.integration:type=MessageChannel,name=errorChannel]
2018-02-09 15:07:16.420  INFO 11948 --- [restartedMain] o.s.i.monitor.IntegrationMBeanExporter   : Registering MessageChannel springCloudBusInput
2018-02-09 15:07:16.425  INFO 11948 --- [restartedMain] o.s.i.monitor.IntegrationMBeanExporter   : Located managed bean 'org.springframework.integration:type=MessageChannel,name=springCloudBusInput': registering with JMX server as MBean [org.springframework.integration:type=MessageChannel,name=springCloudBusInput]
2018-02-09 15:07:16.451  INFO 11948 --- [restartedMain] o.s.i.monitor.IntegrationMBeanExporter   : Registering MessageChannel springCloudBusOutput
2018-02-09 15:07:16.468  INFO 11948 --- [restartedMain] o.s.i.monitor.IntegrationMBeanExporter   : Located managed bean 'org.springframework.integration:type=MessageChannel,name=springCloudBusOutput': registering with JMX server as MBean [org.springframework.integration:type=MessageChannel,name=springCloudBusOutput]
2018-02-09 15:07:16.511  INFO 11948 --- [restartedMain] o.s.i.monitor.IntegrationMBeanExporter   : Registering MessageChannel nullChannel
2018-02-09 15:07:16.517  INFO 11948 --- [restartedMain] o.s.i.monitor.IntegrationMBeanExporter   : Located managed bean 'org.springframework.integration:type=MessageChannel,name=nullChannel': registering with JMX server as MBean [org.springframework.integration:type=MessageChannel,name=nullChannel]
2018-02-09 15:07:16.571  INFO 11948 --- [restartedMain] o.s.i.monitor.IntegrationMBeanExporter   : Registering MessageHandler errorLogger
2018-02-09 15:07:16.577  INFO 11948 --- [restartedMain] o.s.i.monitor.IntegrationMBeanExporter   : Located managed bean 'org.springframework.integration:type=MessageHandler,name=errorLogger,bean=internal': registering with JMX server as MBean [org.springframework.integration:type=MessageHandler,name=errorLogger,bean=internal]
2018-02-09 15:07:16.872  INFO 11948 --- [restartedMain] o.s.integration.channel.DirectChannel    : Channel 'client-ribbon1:15025.springCloudBusInput' has 1 subscriber(s).
2018-02-09 15:07:16.880  INFO 11948 --- [restartedMain] o.s.c.support.DefaultLifecycleProcessor  : Starting beans in phase -2147482648
2018-02-09 15:07:19.387  INFO 11948 --- [restartedMain] c.c.c.ConfigServicePropertySourceLocator : Fetching config from server at: http://localhost:15010/
2018-02-09 15:07:24.998  INFO 11948 --- [restartedMain] c.c.c.ConfigServicePropertySourceLocator : Located environment: name=neo-config, profiles=[dev], label=master, version=348389d79c4c791e6a9bdea10ed32a0d0df5808a, state=null
2018-02-09 15:07:24.998  INFO 11948 --- [restartedMain] b.c.PropertySourceBootstrapConfiguration : Located property source: CompositePropertySource [name='configService', propertySources=[MapPropertySource {name='configClient'}, MapPropertySource {name='https://github.com/lomoCgx/spring-cloud-learn/respo/neo-config-dev.properties'}]]
2018-02-09 15:07:25.027  INFO 11948 --- [restartedMain] c.e.demo.ServiceRibbon1Application       : No active profile set, falling back to default profiles: default
2018-02-09 15:07:25.030  INFO 11948 --- [restartedMain] s.c.a.AnnotationConfigApplicationContext : Refreshing org.springframework.context.annotation.AnnotationConfigApplicationContext@76bb128d: startup date [Fri Feb 09 15:07:25 CST 2018]; parent: org.springframework.boot.context.embedded.AnnotationConfigEmbeddedWebApplicationContext@2f6b5330
2018-02-09 15:07:25.084  INFO 11948 --- [restartedMain] f.a.AutowiredAnnotationBeanPostProcessor : JSR-330 'javax.inject.Inject' annotation found and supported for autowiring
2018-02-09 15:07:25.165  INFO 11948 --- [restartedMain] o.s.c.support.GenericApplicationContext  : Refreshing org.springframework.context.support.GenericApplicationContext@147710da: startup date [Fri Feb 09 15:07:25 CST 2018]; root of context hierarchy
2018-02-09 15:07:25.205  INFO 11948 --- [restartedMain] c.e.demo.ServiceRibbon1Application       : Started ServiceRibbon1Application in 8.221 seconds (JVM running for 794.964)
2018-02-09 15:07:25.215  INFO 11948 --- [restartedMain] o.s.a.r.c.CachingConnectionFactory       : Attempting to connect to: [localhost:5672]
2018-02-09 15:07:25.265  INFO 11948 --- [restartedMain] o.s.a.r.c.CachingConnectionFactory       : Created new connection: rabbitConnectionFactory#79302112:0/SimpleConnection@7643c4b3 [delegate=amqp://lomo@127.0.0.1:5672/, localPort= 52966]
2018-02-09 15:07:25.280  INFO 11948 --- [restartedMain] o.s.integration.channel.DirectChannel    : Channel 'client-ribbon1:15025.springCloudBusOutput' has 1 subscriber(s).
2018-02-09 15:07:25.280  INFO 11948 --- [restartedMain] o.s.c.support.DefaultLifecycleProcessor  : Starting beans in phase 0
2018-02-09 15:07:25.284  INFO 11948 --- [restartedMain] o.s.c.n.eureka.InstanceInfoFactory       : Setting initial instance status as: STARTING
2018-02-09 15:07:25.293  INFO 11948 --- [restartedMain] com.netflix.discovery.DiscoveryClient    : Initializing Eureka in region us-east-1
2018-02-09 15:07:25.297  INFO 11948 --- [restartedMain] c.n.d.provider.DiscoveryJerseyProvider   : Using JSON encoding codec LegacyJacksonJson
2018-02-09 15:07:25.297  INFO 11948 --- [restartedMain] c.n.d.provider.DiscoveryJerseyProvider   : Using JSON decoding codec LegacyJacksonJson
2018-02-09 15:07:25.297  INFO 11948 --- [restartedMain] c.n.d.provider.DiscoveryJerseyProvider   : Using XML encoding codec XStreamXml
2018-02-09 15:07:25.298  INFO 11948 --- [restartedMain] c.n.d.provider.DiscoveryJerseyProvider   : Using XML decoding codec XStreamXml
2018-02-09 15:07:25.441  INFO 11948 --- [restartedMain] c.n.d.s.r.aws.ConfigClusterResolver      : Resolving eureka endpoints via configuration
2018-02-09 15:07:25.444  INFO 11948 --- [restartedMain] com.netflix.discovery.DiscoveryClient    : Disable delta property : false
2018-02-09 15:07:25.444  INFO 11948 --- [restartedMain] com.netflix.discovery.DiscoveryClient    : Single vip registry refresh property : null
2018-02-09 15:07:25.444  INFO 11948 --- [restartedMain] com.netflix.discovery.DiscoveryClient    : Force full registry fetch : false
2018-02-09 15:07:25.444  INFO 11948 --- [restartedMain] com.netflix.discovery.DiscoveryClient    : Application is null : false
2018-02-09 15:07:25.444  INFO 11948 --- [restartedMain] com.netflix.discovery.DiscoveryClient    : Registered Applications size is zero : true
2018-02-09 15:07:25.444  INFO 11948 --- [restartedMain] com.netflix.discovery.DiscoveryClient    : Application version is -1: true
2018-02-09 15:07:25.444  INFO 11948 --- [restartedMain] com.netflix.discovery.DiscoveryClient    : Getting all instance registry info from the eureka server
2018-02-09 15:07:25.474  INFO 11948 --- [restartedMain] com.netflix.discovery.DiscoveryClient    : The response status is 200
2018-02-09 15:07:25.476  INFO 11948 --- [restartedMain] com.netflix.discovery.DiscoveryClient    : Starting heartbeat executor: renew interval is: 30
2018-02-09 15:07:25.478  INFO 11948 --- [restartedMain] c.n.discovery.InstanceInfoReplicator     : InstanceInfoReplicator onDemand update allowed rate per min is 4
2018-02-09 15:07:25.481  INFO 11948 --- [restartedMain] com.netflix.discovery.DiscoveryClient    : Discovery Client initialized at timestamp 1518160045481 with initial instances count: 4
2018-02-09 15:07:25.515  INFO 11948 --- [restartedMain] o.s.c.n.e.s.EurekaServiceRegistry        : Registering application client-ribbon1 with eureka with status UP
2018-02-09 15:07:25.515  INFO 11948 --- [restartedMain] com.netflix.discovery.DiscoveryClient    : Saw local status change event StatusChangeEvent [timestamp=1518160045515, current=UP, previous=STARTING]
2018-02-09 15:07:25.530  INFO 11948 --- [DiscoveryClient-InstanceInfoReplicator-0] com.netflix.discovery.DiscoveryClient    : DiscoveryClient_CLIENT-RIBBON1/172.20.65.55:client-ribbon1:15025: registering service...
2018-02-09 15:07:25.627  INFO 11948 --- [DiscoveryClient-InstanceInfoReplicator-0] com.netflix.discovery.DiscoveryClient    : DiscoveryClient_CLIENT-RIBBON1/172.20.65.55:client-ribbon1:15025 - registration status: 204
2018-02-09 15:07:25.700  INFO 11948 --- [restartedMain] o.s.i.endpoint.EventDrivenConsumer       : Adding {logging-channel-adapter:_org.springframework.integration.errorLogger} as a subscriber to the 'errorChannel' channel
2018-02-09 15:07:25.700  INFO 11948 --- [restartedMain] o.s.i.channel.PublishSubscribeChannel    : Channel 'client-ribbon1:15025.errorChannel' has 1 subscriber(s).
2018-02-09 15:07:25.700  INFO 11948 --- [restartedMain] o.s.i.endpoint.EventDrivenConsumer       : started _org.springframework.integration.errorLogger
2018-02-09 15:07:25.700  INFO 11948 --- [restartedMain] o.s.c.support.DefaultLifecycleProcessor  : Starting beans in phase 2147482647
2018-02-09 15:07:25.721  INFO 11948 --- [restartedMain] c.s.b.r.p.RabbitExchangeQueueProvisioner : declaring queue for inbound: springCloudBus.anonymous.3BV2Tpx2TMOKVmYyMeucPw, bound to: springCloudBus
2018-02-09 15:07:25.737  INFO 11948 --- [restartedMain] o.s.c.stream.binder.BinderErrorChannel   : Channel 'client-ribbon1:15025.springCloudBus.anonymous.3BV2Tpx2TMOKVmYyMeucPw.errors' has 1 subscriber(s).
2018-02-09 15:07:25.738  INFO 11948 --- [restartedMain] o.s.c.stream.binder.BinderErrorChannel   : Channel 'client-ribbon1:15025.springCloudBus.anonymous.3BV2Tpx2TMOKVmYyMeucPw.errors' has 2 subscriber(s).
2018-02-09 15:07:25.745  INFO 11948 --- [restartedMain] o.s.i.a.i.AmqpInboundChannelAdapter      : started inbound.springCloudBus.anonymous.3BV2Tpx2TMOKVmYyMeucPw
2018-02-09 15:07:25.745  INFO 11948 --- [restartedMain] o.s.i.endpoint.EventDrivenConsumer       : Adding {message-handler:inbound.springCloudBus.default} as a subscriber to the 'bridge.springCloudBus' channel
2018-02-09 15:07:25.745  INFO 11948 --- [restartedMain] o.s.i.endpoint.EventDrivenConsumer       : started inbound.springCloudBus.default
2018-02-09 15:07:25.746  INFO 11948 --- [restartedMain] o.s.c.support.DefaultLifecycleProcessor  : Starting beans in phase 2147483647
2018-02-09 15:07:25.841  INFO 11948 --- [restartedMain] s.b.c.e.t.TomcatEmbeddedServletContainer : Tomcat started on port(s): 15025 (http)
2018-02-09 15:07:25.845  INFO 11948 --- [restartedMain] .s.c.n.e.s.EurekaAutoServiceRegistration : Updating port to 15025
2018-02-09 15:07:25.865  INFO 11948 --- [restartedMain] c.e.demo.ServiceRibbon1Application       : Started ServiceRibbon1Application in 32.423 seconds (JVM running for 795.623)
2018-02-09 15:07:32.428  INFO 11948 --- [http-nio-15025-exec-1] o.a.c.c.C.[Tomcat].[localhost].[/]       : Initializing Spring FrameworkServlet 'dispatcherServlet'
2018-02-09 15:07:32.428  INFO 11948 --- [http-nio-15025-exec-1] o.s.web.servlet.DispatcherServlet        : FrameworkServlet 'dispatcherServlet': initialization started
2018-02-09 15:07:32.508  INFO 11948 --- [http-nio-15025-exec-1] o.s.web.servlet.DispatcherServlet        : FrameworkServlet 'dispatcherServlet': initialization completed in 79 ms
2018-02-09 15:07:33.421 DEBUG 11948 --- [http-nio-15025-exec-1] o.s.jdbc.core.JdbcTemplate               : Executing prepared SQL update
2018-02-09 15:07:33.423 DEBUG 11948 --- [http-nio-15025-exec-1] o.s.jdbc.core.JdbcTemplate               : Executing prepared SQL statement [ insert into user(username,password,salt,description) values(?,?,?,?) ]
2018-02-09 15:07:33.463 DEBUG 11948 --- [http-nio-15025-exec-1] o.s.jdbc.core.StatementCreatorUtils      : JDBC 3.0 getParameterType call not supported - using fallback method instead: java.sql.SQLException: Parameter metadata not available for the given statement
2018-02-09 15:07:33.498 DEBUG 11948 --- [http-nio-15025-exec-1] o.s.jdbc.core.JdbcTemplate               : SQL update affected 1 rows
2018-02-09 15:07:33.659 ERROR 11948 --- [http-nio-15025-exec-1] o.a.c.c.C.[.[.[/].[dispatcherServlet]    : Servlet.service() for servlet [dispatcherServlet] in context with path [] threw exception [Request processing failed; nested exception is java.lang.ArithmeticException: / by zero] with root cause

java.lang.ArithmeticException: / by zero
	at com.example.demo.TestController.insert(TestController.java:41)
	at com.example.demo.TestController$$FastClassBySpringCGLIB$$d8a6afe8.invoke(<generated>)
	at org.springframework.cglib.proxy.MethodProxy.invoke(MethodProxy.java:204)
	at org.springframework.aop.framework.CglibAopProxy$CglibMethodInvocation.invokeJoinpoint(CglibAopProxy.java:738)
	at org.springframework.aop.framework.ReflectiveMethodInvocation.proceed(ReflectiveMethodInvocation.java:157)
	at org.springframework.transaction.interceptor.TransactionInterceptor$1.proceedWithInvocation(TransactionInterceptor.java:99)
	at org.springframework.transaction.interceptor.TransactionAspectSupport.invokeWithinTransaction(TransactionAspectSupport.java:282)
	at org.springframework.transaction.interceptor.TransactionInterceptor.invoke(TransactionInterceptor.java:96)
	at org.springframework.aop.framework.ReflectiveMethodInvocation.proceed(ReflectiveMethodInvocation.java:179)
	at org.springframework.aop.framework.CglibAopProxy$DynamicAdvisedInterceptor.intercept(CglibAopProxy.java:673)
	at com.example.demo.TestController$$EnhancerBySpringCGLIB$$c7baa513.insert(<generated>)
	at sun.reflect.NativeMethodAccessorImpl.invoke0(Native Method)
	at sun.reflect.NativeMethodAccessorImpl.invoke(Unknown Source)
	at sun.reflect.DelegatingMethodAccessorImpl.invoke(Unknown Source)
	at java.lang.reflect.Method.invoke(Unknown Source)
	at org.springframework.util.ReflectionUtils.invokeMethod(ReflectionUtils.java:216)
	at org.springframework.cloud.context.scope.GenericScope$LockedScopedProxyFactoryBean.invoke(GenericScope.java:472)
	at org.springframework.aop.framework.ReflectiveMethodInvocation.proceed(ReflectiveMethodInvocation.java:179)
	at org.springframework.aop.framework.CglibAopProxy$DynamicAdvisedInterceptor.intercept(CglibAopProxy.java:673)
	at com.example.demo.TestController$$EnhancerBySpringCGLIB$$5b9add17.insert(<generated>)
	at sun.reflect.NativeMethodAccessorImpl.invoke0(Native Method)
	at sun.reflect.NativeMethodAccessorImpl.invoke(Unknown Source)
	at sun.reflect.DelegatingMethodAccessorImpl.invoke(Unknown Source)
	at java.lang.reflect.Method.invoke(Unknown Source)
	at org.springframework.web.method.support.InvocableHandlerMethod.doInvoke(InvocableHandlerMethod.java:205)
	at org.springframework.web.method.support.InvocableHandlerMethod.invokeForRequest(InvocableHandlerMethod.java:133)
	at org.springframework.web.servlet.mvc.method.annotation.ServletInvocableHandlerMethod.invokeAndHandle(ServletInvocableHandlerMethod.java:97)
	at org.springframework.web.servlet.mvc.method.annotation.RequestMappingHandlerAdapter.invokeHandlerMethod(RequestMappingHandlerAdapter.java:827)
	at org.springframework.web.servlet.mvc.method.annotation.RequestMappingHandlerAdapter.handleInternal(RequestMappingHandlerAdapter.java:738)
	at org.springframework.web.servlet.mvc.method.AbstractHandlerMethodAdapter.handle(AbstractHandlerMethodAdapter.java:85)
	at org.springframework.web.servlet.DispatcherServlet.doDispatch(DispatcherServlet.java:967)
	at org.springframework.web.servlet.DispatcherServlet.doService(DispatcherServlet.java:901)
	at org.springframework.web.servlet.FrameworkServlet.processRequest(FrameworkServlet.java:970)
	at org.springframework.web.servlet.FrameworkServlet.doGet(FrameworkServlet.java:861)
	at javax.servlet.http.HttpServlet.service(HttpServlet.java:635)
	at org.springframework.web.servlet.FrameworkServlet.service(FrameworkServlet.java:846)
	at javax.servlet.http.HttpServlet.service(HttpServlet.java:742)
	at org.apache.catalina.core.ApplicationFilterChain.internalDoFilter(ApplicationFilterChain.java:231)
	at org.apache.catalina.core.ApplicationFilterChain.doFilter(ApplicationFilterChain.java:166)
	at org.apache.tomcat.websocket.server.WsFilter.doFilter(WsFilter.java:52)
	at org.apache.catalina.core.ApplicationFilterChain.internalDoFilter(ApplicationFilterChain.java:193)
	at org.apache.catalina.core.ApplicationFilterChain.doFilter(ApplicationFilterChain.java:166)
	at org.springframework.boot.web.filter.ApplicationContextHeaderFilter.doFilterInternal(ApplicationContextHeaderFilter.java:55)
	at org.springframework.web.filter.OncePerRequestFilter.doFilter(OncePerRequestFilter.java:107)
	at org.apache.catalina.core.ApplicationFilterChain.internalDoFilter(ApplicationFilterChain.java:193)
	at org.apache.catalina.core.ApplicationFilterChain.doFilter(ApplicationFilterChain.java:166)
	at org.springframework.boot.actuate.trace.WebRequestTraceFilter.doFilterInternal(WebRequestTraceFilter.java:110)
	at org.springframework.web.filter.OncePerRequestFilter.doFilter(OncePerRequestFilter.java:107)
	at org.apache.catalina.core.ApplicationFilterChain.internalDoFilter(ApplicationFilterChain.java:193)
	at org.apache.catalina.core.ApplicationFilterChain.doFilter(ApplicationFilterChain.java:166)
	at org.springframework.web.filter.RequestContextFilter.doFilterInternal(RequestContextFilter.java:99)
	at org.springframework.web.filter.OncePerRequestFilter.doFilter(OncePerRequestFilter.java:107)
	at org.apache.catalina.core.ApplicationFilterChain.internalDoFilter(ApplicationFilterChain.java:193)
	at org.apache.catalina.core.ApplicationFilterChain.doFilter(ApplicationFilterChain.java:166)
	at org.springframework.web.filter.HttpPutFormContentFilter.doFilterInternal(HttpPutFormContentFilter.java:108)
	at org.springframework.web.filter.OncePerRequestFilter.doFilter(OncePerRequestFilter.java:107)
	at org.apache.catalina.core.ApplicationFilterChain.internalDoFilter(ApplicationFilterChain.java:193)
	at org.apache.catalina.core.ApplicationFilterChain.doFilter(ApplicationFilterChain.java:166)
	at org.springframework.web.filter.HiddenHttpMethodFilter.doFilterInternal(HiddenHttpMethodFilter.java:81)
	at org.springframework.web.filter.OncePerRequestFilter.doFilter(OncePerRequestFilter.java:107)
	at org.apache.catalina.core.ApplicationFilterChain.internalDoFilter(ApplicationFilterChain.java:193)
	at org.apache.catalina.core.ApplicationFilterChain.doFilter(ApplicationFilterChain.java:166)
	at org.springframework.web.filter.CharacterEncodingFilter.doFilterInternal(CharacterEncodingFilter.java:197)
	at org.springframework.web.filter.OncePerRequestFilter.doFilter(OncePerRequestFilter.java:107)
	at org.apache.catalina.core.ApplicationFilterChain.internalDoFilter(ApplicationFilterChain.java:193)
	at org.apache.catalina.core.ApplicationFilterChain.doFilter(ApplicationFilterChain.java:166)
	at org.springframework.boot.actuate.autoconfigure.MetricsFilter.doFilterInternal(MetricsFilter.java:106)
	at org.springframework.web.filter.OncePerRequestFilter.doFilter(OncePerRequestFilter.java:107)
	at org.apache.catalina.core.ApplicationFilterChain.internalDoFilter(ApplicationFilterChain.java:193)
	at org.apache.catalina.core.ApplicationFilterChain.doFilter(ApplicationFilterChain.java:166)
	at org.apache.catalina.core.StandardWrapperValve.invoke(StandardWrapperValve.java:199)
	at org.apache.catalina.core.StandardContextValve.invoke(StandardContextValve.java:96)
	at org.apache.catalina.authenticator.AuthenticatorBase.invoke(AuthenticatorBase.java:504)
	at org.apache.catalina.core.StandardHostValve.invoke(StandardHostValve.java:140)
	at org.apache.catalina.valves.ErrorReportValve.invoke(ErrorReportValve.java:81)
	at org.apache.catalina.core.StandardEngineValve.invoke(StandardEngineValve.java:87)
	at org.apache.catalina.connector.CoyoteAdapter.service(CoyoteAdapter.java:342)
	at org.apache.coyote.http11.Http11Processor.service(Http11Processor.java:803)
	at org.apache.coyote.AbstractProcessorLight.process(AbstractProcessorLight.java:66)
	at org.apache.coyote.AbstractProtocol$ConnectionHandler.process(AbstractProtocol.java:790)
	at org.apache.tomcat.util.net.NioEndpoint$SocketProcessor.doRun(NioEndpoint.java:1459)
	at org.apache.tomcat.util.net.SocketProcessorBase.run(SocketProcessorBase.java:49)
	at java.util.concurrent.ThreadPoolExecutor.runWorker(Unknown Source)
	at java.util.concurrent.ThreadPoolExecutor$Worker.run(Unknown Source)
	at org.apache.tomcat.util.threads.TaskThread$WrappingRunnable.run(TaskThread.java:61)
	at java.lang.Thread.run(Unknown Source)

2018-02-09 15:12:25.449  INFO 11948 --- [AsyncResolver-bootstrap-executor-0] c.n.d.s.r.aws.ConfigClusterResolver      : Resolving eureka endpoints via configuration
2018-02-09 15:17:25.454  INFO 11948 --- [AsyncResolver-bootstrap-executor-0] c.n.d.s.r.aws.ConfigClusterResolver      : Resolving eureka endpoints via configuration
2018-02-09 15:22:25.460  INFO 11948 --- [AsyncResolver-bootstrap-executor-0] c.n.d.s.r.aws.ConfigClusterResolver      : Resolving eureka endpoints via configuration
2018-02-09 15:27:25.465  INFO 11948 --- [AsyncResolver-bootstrap-executor-0] c.n.d.s.r.aws.ConfigClusterResolver      : Resolving eureka endpoints via configuration
2018-02-09 15:32:25.469  INFO 11948 --- [AsyncResolver-bootstrap-executor-0] c.n.d.s.r.aws.ConfigClusterResolver      : Resolving eureka endpoints via configuration
2018-02-09 15:37:25.502  INFO 11948 --- [AsyncResolver-bootstrap-executor-0] c.n.d.s.r.aws.ConfigClusterResolver      : Resolving eureka endpoints via configuration
2018-02-09 15:42:25.526  INFO 11948 --- [AsyncResolver-bootstrap-executor-0] c.n.d.s.r.aws.ConfigClusterResolver      : Resolving eureka endpoints via configuration
2018-02-09 15:47:25.554  INFO 11948 --- [AsyncResolver-bootstrap-executor-0] c.n.d.s.r.aws.ConfigClusterResolver      : Resolving eureka endpoints via configuration
2018-02-09 15:52:25.561  INFO 11948 --- [AsyncResolver-bootstrap-executor-0] c.n.d.s.r.aws.ConfigClusterResolver      : Resolving eureka endpoints via configuration
2018-02-09 15:57:25.568  INFO 11948 --- [AsyncResolver-bootstrap-executor-0] c.n.d.s.r.aws.ConfigClusterResolver      : Resolving eureka endpoints via configuration
2018-02-09 16:02:25.572  INFO 11948 --- [AsyncResolver-bootstrap-executor-0] c.n.d.s.r.aws.ConfigClusterResolver      : Resolving eureka endpoints via configuration
2018-02-09 16:07:25.576  INFO 11948 --- [AsyncResolver-bootstrap-executor-0] c.n.d.s.r.aws.ConfigClusterResolver      : Resolving eureka endpoints via configuration
2018-02-09 16:12:25.581  INFO 11948 --- [AsyncResolver-bootstrap-executor-0] c.n.d.s.r.aws.ConfigClusterResolver      : Resolving eureka endpoints via configuration
2018-02-09 16:16:14.786  INFO 11948 --- [RMI TCP Connection(2)-127.0.0.1] inMXBeanRegistrar$SpringApplicationAdmin : Application shutdown requested.
2018-02-09 16:16:14.787  INFO 11948 --- [RMI TCP Connection(2)-127.0.0.1] ationConfigEmbeddedWebApplicationContext : Closing org.springframework.boot.context.embedded.AnnotationConfigEmbeddedWebApplicationContext@2f6b5330: startup date [Fri Feb 09 15:07:05 CST 2018]; parent: org.springframework.context.annotation.AnnotationConfigApplicationContext@a8abd71
2018-02-09 16:16:14.835  INFO 11948 --- [RMI TCP Connection(2)-127.0.0.1] o.s.c.n.e.s.EurekaServiceRegistry        : Unregistering application client-ribbon1 with eureka with status DOWN
2018-02-09 16:16:14.835  WARN 11948 --- [RMI TCP Connection(2)-127.0.0.1] com.netflix.discovery.DiscoveryClient    : Saw local status change event StatusChangeEvent [timestamp=1518164174835, current=DOWN, previous=UP]
2018-02-09 16:16:14.836  INFO 11948 --- [RMI TCP Connection(2)-127.0.0.1] s.c.a.AnnotationConfigApplicationContext : Closing org.springframework.context.annotation.AnnotationConfigApplicationContext@76bb128d: startup date [Fri Feb 09 15:07:25 CST 2018]; parent: org.springframework.boot.context.embedded.AnnotationConfigEmbeddedWebApplicationContext@2f6b5330
2018-02-09 16:16:14.837  INFO 11948 --- [DiscoveryClient-InstanceInfoReplicator-0] com.netflix.discovery.DiscoveryClient    : DiscoveryClient_CLIENT-RIBBON1/172.20.65.55:client-ribbon1:15025: registering service...
2018-02-09 16:16:14.963  INFO 11948 --- [RMI TCP Connection(2)-127.0.0.1] o.s.c.support.DefaultLifecycleProcessor  : Stopping beans in phase 2147483647
2018-02-09 16:16:14.963  INFO 11948 --- [RMI TCP Connection(2)-127.0.0.1] o.s.c.support.DefaultLifecycleProcessor  : Stopping beans in phase 2147482647
2018-02-09 16:16:14.999  INFO 11948 --- [DiscoveryClient-InstanceInfoReplicator-0] com.netflix.discovery.DiscoveryClient    : DiscoveryClient_CLIENT-RIBBON1/172.20.65.55:client-ribbon1:15025 - registration status: 204
2018-02-09 16:16:15.008  INFO 11948 --- [RMI TCP Connection(2)-127.0.0.1] o.s.a.r.l.SimpleMessageListenerContainer : Waiting for workers to finish.
2018-02-09 16:16:15.008  INFO 11948 --- [RMI TCP Connection(2)-127.0.0.1] o.s.a.r.l.SimpleMessageListenerContainer : Successfully waited for workers to finish.
2018-02-09 16:16:15.008  INFO 11948 --- [RMI TCP Connection(2)-127.0.0.1] o.s.i.a.i.AmqpInboundChannelAdapter      : stopped inbound.springCloudBus.anonymous.3BV2Tpx2TMOKVmYyMeucPw
2018-02-09 16:16:15.009  INFO 11948 --- [RMI TCP Connection(2)-127.0.0.1] o.s.c.support.DefaultLifecycleProcessor  : Stopping beans in phase 0
2018-02-09 16:16:15.009  INFO 11948 --- [RMI TCP Connection(2)-127.0.0.1] o.s.i.endpoint.EventDrivenConsumer       : Removing {logging-channel-adapter:_org.springframework.integration.errorLogger} as a subscriber to the 'errorChannel' channel
2018-02-09 16:16:15.010  INFO 11948 --- [RMI TCP Connection(2)-127.0.0.1] o.s.i.channel.PublishSubscribeChannel    : Channel 'client-ribbon1:15025.errorChannel' has 0 subscriber(s).
2018-02-09 16:16:15.010  INFO 11948 --- [RMI TCP Connection(2)-127.0.0.1] o.s.i.endpoint.EventDrivenConsumer       : stopped _org.springframework.integration.errorLogger
2018-02-09 16:16:15.010  INFO 11948 --- [RMI TCP Connection(2)-127.0.0.1] o.s.c.support.DefaultLifecycleProcessor  : Stopping beans in phase -2147482648
2018-02-09 16:16:15.024  INFO 11948 --- [RMI TCP Connection(2)-127.0.0.1] o.s.s.c.ThreadPoolTaskScheduler          : Shutting down ExecutorService 'taskScheduler'
2018-02-09 16:16:15.024  INFO 11948 --- [RMI TCP Connection(2)-127.0.0.1] o.s.i.monitor.IntegrationMBeanExporter   : Unregistering JMX-exposed beans on shutdown
2018-02-09 16:16:15.025  INFO 11948 --- [RMI TCP Connection(2)-127.0.0.1] o.s.i.monitor.IntegrationMBeanExporter   : Unregistering JMX-exposed beans
2018-02-09 16:16:15.025  INFO 11948 --- [RMI TCP Connection(2)-127.0.0.1] o.s.i.monitor.IntegrationMBeanExporter   : Summary on shutdown: errorChannel
2018-02-09 16:16:15.025  INFO 11948 --- [RMI TCP Connection(2)-127.0.0.1] o.s.i.monitor.IntegrationMBeanExporter   : Summary on shutdown: springCloudBusInput
2018-02-09 16:16:15.026  INFO 11948 --- [RMI TCP Connection(2)-127.0.0.1] o.s.i.monitor.IntegrationMBeanExporter   : Summary on shutdown: springCloudBusOutput
2018-02-09 16:16:15.026  INFO 11948 --- [RMI TCP Connection(2)-127.0.0.1] o.s.i.monitor.IntegrationMBeanExporter   : Summary on shutdown: nullChannel
2018-02-09 16:16:15.026  INFO 11948 --- [RMI TCP Connection(2)-127.0.0.1] o.s.i.monitor.IntegrationMBeanExporter   : Summary on shutdown: _org.springframework.integration.errorLogger.handler
2018-02-09 16:16:15.026  INFO 11948 --- [RMI TCP Connection(2)-127.0.0.1] o.s.j.e.a.AnnotationMBeanExporter        : Unregistering JMX-exposed beans on shutdown
2018-02-09 16:16:15.026  INFO 11948 --- [RMI TCP Connection(2)-127.0.0.1] o.s.j.e.a.AnnotationMBeanExporter        : Unregistering JMX-exposed beans
2018-02-09 16:16:15.053  INFO 11948 --- [RMI TCP Connection(2)-127.0.0.1] com.netflix.discovery.DiscoveryClient    : Shutting down DiscoveryClient ...
2018-02-09 16:16:15.053  INFO 11948 --- [RMI TCP Connection(2)-127.0.0.1] com.netflix.discovery.DiscoveryClient    : Unregistering ...
2018-02-09 16:16:15.129  INFO 11948 --- [RMI TCP Connection(2)-127.0.0.1] com.netflix.discovery.DiscoveryClient    : DiscoveryClient_CLIENT-RIBBON1/172.20.65.55:client-ribbon1:15025 - deregister  status: 200
2018-02-09 16:16:15.149  INFO 11948 --- [RMI TCP Connection(2)-127.0.0.1] com.netflix.discovery.DiscoveryClient    : Completed shut down of DiscoveryClient
2018-02-09 16:16:16.155  INFO 11948 --- [RMI TCP Connection(2)-127.0.0.1] o.apache.catalina.core.StandardService   : Stopping service [Tomcat]
2018-02-09 16:16:16.183  INFO 11948 --- [localhost-startStop-2] o.a.c.c.C.[Tomcat].[localhost].[/]       : Destroying Spring FrameworkServlet 'dispatcherServlet'
